{"level":30,"time":1741105252261,"pid":153492,"hostname":"GROLLANDDESKTOP","msg":"Данные пользователя обновлены","updatedUser":{"id":"5134025713","name":"","city":"","longitude":0,"latitude":0,"gender":"male","interestedIn":"all","age":0,"text":"cf","files":"[{\"type\":\"photo\",\"media\":\"AgACAgIAAxkBAAIJ-2fHI9fYJDAvMZ1r29JVfgFSbKhrAAJB6zEblNVASsdR7tq7GcEgAQADAgADeAADNgQ\"},{\"type\":\"photo\",\"media\":\"AgACAgIAAxkBAAIJ-2fHI9fYJDAvMZ1r29JVfgFSbKhrAAJB6zEblNVASsdR7tq7GcEgAQADAgADeAADNgQ\"}]","ownCoordinates":false,"createdAt":"2025-03-03T17:17:53.090Z"}}
{"level":30,"time":"2025-04-12T17:51:40.157Z","version":"1.0.0","hostname":"GROLLANDDESKTOP","msg":"This is new candidate"}
{"level":30,"time":"2025-04-12T17:55:12.121Z","version":"1.0.0","hostname":"GROLLANDDESKTOP","msg":"Connecting to database..."}
{"level":30,"time":"2025-04-12T17:55:12.164Z","version":"1.0.0","hostname":"GROLLANDDESKTOP","msg":"Database connection established"}
{"level":30,"time":"2025-04-12T17:55:12.166Z","version":"1.0.0","hostname":"GROLLANDDESKTOP","msg":"Starting bot..."}
{"level":30,"time":"2025-04-12T17:55:12.209Z","version":"1.0.0","hostname":"GROLLANDDESKTOP","msg":"Bot started successfully"}
{"level":30,"time":"2025-04-12T17:59:08.403Z","version":"1.0.0","hostname":"GROLLANDDESKTOP","msg":"Connecting to database..."}
{"level":30,"time":"2025-04-12T17:59:08.446Z","version":"1.0.0","hostname":"GROLLANDDESKTOP","msg":"Database connection established"}
{"level":30,"time":"2025-04-12T17:59:08.448Z","version":"1.0.0","hostname":"GROLLANDDESKTOP","msg":"Starting bot..."}
{"level":30,"time":"2025-04-12T17:59:08.493Z","version":"1.0.0","hostname":"GROLLANDDESKTOP","msg":"Bot started successfully"}
{"level":30,"time":"2025-04-12T18:00:06.234Z","version":"1.0.0","hostname":"GROLLANDDESKTOP","msg":"Connecting to database..."}
{"level":30,"time":"2025-04-12T18:00:06.279Z","version":"1.0.0","hostname":"GROLLANDDESKTOP","msg":"Database connection established"}
{"level":30,"time":"2025-04-12T18:00:06.280Z","version":"1.0.0","hostname":"GROLLANDDESKTOP","msg":"Starting bot..."}
{"level":30,"time":"2025-04-12T18:00:06.320Z","version":"1.0.0","hostname":"GROLLANDDESKTOP","msg":"Bot started successfully"}
{"level":30,"time":"2025-04-12T18:00:19.738Z","version":"1.0.0","hostname":"GROLLANDDESKTOP","msg":"Connecting to database..."}
{"level":30,"time":"2025-04-12T18:00:19.794Z","version":"1.0.0","hostname":"GROLLANDDESKTOP","msg":"Database connection established"}
{"level":30,"time":"2025-04-12T18:00:19.796Z","version":"1.0.0","hostname":"GROLLANDDESKTOP","msg":"Starting bot..."}
{"level":30,"time":"2025-04-12T18:00:19.842Z","version":"1.0.0","hostname":"GROLLANDDESKTOP","msg":"Bot started successfully"}
{"level":30,"time":"2025-04-12T18:01:11.757Z","version":"1.0.0","hostname":"GROLLANDDESKTOP","msg":"Connecting to database..."}
{"level":30,"time":"2025-04-12T18:01:11.801Z","version":"1.0.0","hostname":"GROLLANDDESKTOP","msg":"Database connection established"}
{"level":30,"time":"2025-04-12T18:01:11.804Z","version":"1.0.0","hostname":"GROLLANDDESKTOP","msg":"Starting bot..."}
{"level":30,"time":"2025-04-12T18:01:11.848Z","version":"1.0.0","hostname":"GROLLANDDESKTOP","msg":"Bot started successfully"}
{"level":30,"time":"2025-04-12T18:01:21.906Z","version":"1.0.0","hostname":"GROLLANDDESKTOP","msg":"Connecting to database..."}
{"level":30,"time":"2025-04-12T18:01:21.957Z","version":"1.0.0","hostname":"GROLLANDDESKTOP","msg":"Database connection established"}
{"level":30,"time":"2025-04-12T18:01:21.959Z","version":"1.0.0","hostname":"GROLLANDDESKTOP","msg":"Starting bot..."}
{"level":30,"time":"2025-04-12T18:01:22.004Z","version":"1.0.0","hostname":"GROLLANDDESKTOP","msg":"Bot started successfully"}
{"level":30,"time":"2025-04-12T18:07:59.471Z","version":"1.0.0","hostname":"GROLLANDDESKTOP","msg":"Connecting to database..."}
{"level":30,"time":"2025-04-12T18:07:59.516Z","version":"1.0.0","hostname":"GROLLANDDESKTOP","msg":"Database connection established"}
{"level":30,"time":"2025-04-12T18:07:59.518Z","version":"1.0.0","hostname":"GROLLANDDESKTOP","msg":"Starting bot..."}
{"level":30,"time":"2025-04-12T18:07:59.558Z","version":"1.0.0","hostname":"GROLLANDDESKTOP","msg":"Bot started successfully"}
{"level":30,"time":"2025-04-12T18:07:59.933Z","version":"1.0.0","hostname":"GROLLANDDESKTOP","userId":"5134025713","step":"choose_language","msg":"Showing language selection menu"}
{"level":30,"time":"2025-04-12T18:08:01.115Z","version":"1.0.0","hostname":"GROLLANDDESKTOP","msg":"Connecting to database..."}
{"level":30,"time":"2025-04-12T18:08:01.157Z","version":"1.0.0","hostname":"GROLLANDDESKTOP","msg":"Database connection established"}
{"level":30,"time":"2025-04-12T18:08:01.159Z","version":"1.0.0","hostname":"GROLLANDDESKTOP","msg":"Starting bot..."}
{"level":30,"time":"2025-04-12T18:08:01.203Z","version":"1.0.0","hostname":"GROLLANDDESKTOP","msg":"Bot started successfully"}
{"level":30,"time":"2025-04-12T18:08:01.855Z","version":"1.0.0","hostname":"GROLLANDDESKTOP","userId":"5134025713","step":"choose_language","msg":"Showing language selection menu"}
{"level":30,"time":"2025-04-12T18:08:03.900Z","version":"1.0.0","hostname":"GROLLANDDESKTOP","userId":5134025713,"username":"sa1nt9","step":"choose_language","messageType":"text","msg":"Processing message event"}
{"level":30,"time":"2025-04-12T18:10:15.399Z","version":"1.0.0","hostname":"GROLLANDDESKTOP","msg":"Connecting to database..."}
{"level":30,"time":"2025-04-12T18:10:15.597Z","version":"1.0.0","hostname":"GROLLANDDESKTOP","msg":"Database connection established"}
{"level":30,"time":"2025-04-12T18:10:15.599Z","version":"1.0.0","hostname":"GROLLANDDESKTOP","msg":"Starting bot..."}
{"level":30,"time":"2025-04-12T18:10:15.644Z","version":"1.0.0","hostname":"GROLLANDDESKTOP","msg":"Bot started successfully"}
{"level":30,"time":"2025-04-12T18:18:07.912Z","version":"1.0.0","hostname":"GROLLANDDESKTOP","msg":"Connecting to database..."}
{"level":30,"time":"2025-04-12T18:18:07.992Z","version":"1.0.0","hostname":"GROLLANDDESKTOP","msg":"Database connection established"}
{"level":30,"time":"2025-04-12T18:18:07.994Z","version":"1.0.0","hostname":"GROLLANDDESKTOP","msg":"Starting bot..."}
{"level":30,"time":"2025-04-12T18:18:08.047Z","version":"1.0.0","hostname":"GROLLANDDESKTOP","msg":"Bot started successfully"}
{"level":30,"time":"2025-04-12T18:21:49.434Z","version":"1.0.0","hostname":"GROLLANDDESKTOP","msg":"Connecting to database..."}
{"level":30,"time":"2025-04-12T18:21:49.480Z","version":"1.0.0","hostname":"GROLLANDDESKTOP","msg":"Database connection established"}
{"level":30,"time":"2025-04-12T18:21:49.482Z","version":"1.0.0","hostname":"GROLLANDDESKTOP","msg":"Starting bot..."}
{"level":30,"time":"2025-04-12T18:21:49.523Z","version":"1.0.0","hostname":"GROLLANDDESKTOP","msg":"Bot started successfully"}
{"level":30,"time":"2025-04-12T18:22:00.672Z","version":"1.0.0","hostname":"GROLLANDDESKTOP","msg":"Connecting to database..."}
{"level":30,"time":"2025-04-12T18:22:00.718Z","version":"1.0.0","hostname":"GROLLANDDESKTOP","msg":"Database connection established"}
{"level":30,"time":"2025-04-12T18:22:00.720Z","version":"1.0.0","hostname":"GROLLANDDESKTOP","msg":"Starting bot..."}
{"level":30,"time":"2025-04-12T18:22:00.761Z","version":"1.0.0","hostname":"GROLLANDDESKTOP","msg":"Bot started successfully"}
{"level":30,"time":"2025-04-12T18:22:01.113Z","version":"1.0.0","hostname":"GROLLANDDESKTOP","userId":5134025713,"username":"sa1nt9","step":"profile","messageType":"text","msg":"Processing message event"}
{"level":30,"time":"2025-04-12T18:22:01.234Z","version":"1.0.0","hostname":"GROLLANDDESKTOP","id":"7303626049","name":"Кира","city":"Минск","longitude":27.56667,"latitude":53.9,"age":17,"ownCoordinates":false,"createdAt":"2025-04-12T16:23:05.313Z","referrerId":"","gender":"female","distance":0,"owncoordsort":0,"comein15days":0,"comeinall":0,"totalbonus":0,"msg":"This is new candidate"}
{"level":30,"time":"2025-04-12T18:22:03.009Z","version":"1.0.0","hostname":"GROLLANDDESKTOP","userId":5134025713,"username":"sa1nt9","step":"search_people","messageType":"text","msg":"Processing message event"}
{"level":30,"time":"2025-04-12T18:22:03.009Z","version":"1.0.0","hostname":"GROLLANDDESKTOP","id":"24c4cc5a-d4bb-45e6-b4ae-cad05ff7404e","userId":"7303626049","profileType":"RELATIONSHIP","interestedIn":"male","description":"Я тигр","files":[{"type":"photo","media":"AgACAgUAAxkBAAIr1Gf6k2jbB0EZ-VeV3-NZ0LVfwrLIAALIwDEbCg3YV1qEYgfX6Yc5AQADAgADeAADNgQ"}],"isActive":true,"createdAt":"2025-04-12T16:23:05.316Z","updatedAt":"2025-04-12T17:16:45.847Z","msg":"❤️"}
{"level":30,"time":"2025-04-12T18:22:03.145Z","version":"1.0.0","hostname":"GROLLANDDESKTOP","msg":"This is new candidate"}
{"level":30,"time":"2025-04-12T18:27:47.556Z","version":"1.0.0","hostname":"GROLLANDDESKTOP","msg":"Connecting to database..."}
{"level":30,"time":"2025-04-12T18:27:47.661Z","version":"1.0.0","hostname":"GROLLANDDESKTOP","msg":"Database connection established"}
{"level":30,"time":"2025-04-12T18:27:47.663Z","version":"1.0.0","hostname":"GROLLANDDESKTOP","msg":"Starting bot..."}
{"level":30,"time":"2025-04-12T18:27:47.706Z","version":"1.0.0","hostname":"GROLLANDDESKTOP","msg":"Bot started successfully"}
{"level":30,"time":"2025-04-12T18:28:25.766Z","version":"1.0.0","hostname":"GROLLANDDESKTOP","msg":"Connecting to database..."}
{"level":30,"time":"2025-04-12T18:28:25.808Z","version":"1.0.0","hostname":"GROLLANDDESKTOP","msg":"Database connection established"}
{"level":30,"time":"2025-04-12T18:28:25.810Z","version":"1.0.0","hostname":"GROLLANDDESKTOP","msg":"Starting bot..."}
{"level":30,"time":"2025-04-12T18:28:25.851Z","version":"1.0.0","hostname":"GROLLANDDESKTOP","msg":"Bot started successfully"}
{"level":30,"time":"2025-04-12T18:31:02.687Z","version":"1.0.0","hostname":"GROLLANDDESKTOP","msg":"Connecting to database..."}
{"level":30,"time":"2025-04-12T18:31:02.729Z","version":"1.0.0","hostname":"GROLLANDDESKTOP","msg":"Database connection established"}
{"level":30,"time":"2025-04-12T18:31:02.731Z","version":"1.0.0","hostname":"GROLLANDDESKTOP","msg":"Starting bot..."}
{"level":30,"time":"2025-04-12T18:31:02.770Z","version":"1.0.0","hostname":"GROLLANDDESKTOP","msg":"Bot started successfully"}
{"level":30,"time":"2025-04-12T18:44:33.563Z","version":"1.0.0","hostname":"GROLLANDDESKTOP","msg":"Connecting to database..."}
{"level":30,"time":"2025-04-12T18:44:33.606Z","version":"1.0.0","hostname":"GROLLANDDESKTOP","msg":"Database connection established"}
{"level":30,"time":"2025-04-12T18:44:33.608Z","version":"1.0.0","hostname":"GROLLANDDESKTOP","msg":"Starting bot..."}
{"level":30,"time":"2025-04-12T18:44:33.648Z","version":"1.0.0","hostname":"GROLLANDDESKTOP","msg":"Bot started successfully"}
{"level":30,"time":"2025-04-12T18:47:20.026Z","version":"1.0.0","hostname":"GROLLANDDESKTOP","msg":"Connecting to database..."}
{"level":30,"time":"2025-04-12T18:47:20.262Z","version":"1.0.0","hostname":"GROLLANDDESKTOP","msg":"Database connection established"}
{"level":30,"time":"2025-04-12T18:47:20.264Z","version":"1.0.0","hostname":"GROLLANDDESKTOP","msg":"Starting bot..."}
{"level":30,"time":"2025-04-12T18:47:20.312Z","version":"1.0.0","hostname":"GROLLANDDESKTOP","msg":"Bot started successfully"}
{"level":30,"time":"2025-04-12T18:53:18.599Z","version":"1.0.0","hostname":"GROLLANDDESKTOP","msg":"Connecting to database..."}
{"level":30,"time":"2025-04-12T18:53:18.644Z","version":"1.0.0","hostname":"GROLLANDDESKTOP","msg":"Database connection established"}
{"level":30,"time":"2025-04-12T18:53:18.645Z","version":"1.0.0","hostname":"GROLLANDDESKTOP","msg":"Starting bot..."}
{"level":30,"time":"2025-04-12T18:53:18.686Z","version":"1.0.0","hostname":"GROLLANDDESKTOP","msg":"Bot started successfully"}
{"level":30,"time":"2025-04-12T18:54:17.542Z","version":"1.0.0","hostname":"GROLLANDDESKTOP","msg":"Connecting to database..."}
{"level":30,"time":"2025-04-12T18:54:17.581Z","version":"1.0.0","hostname":"GROLLANDDESKTOP","msg":"Database connection established"}
{"level":30,"time":"2025-04-12T18:54:17.583Z","version":"1.0.0","hostname":"GROLLANDDESKTOP","msg":"Starting bot..."}
{"level":30,"time":"2025-04-12T18:54:17.623Z","version":"1.0.0","hostname":"GROLLANDDESKTOP","msg":"Bot started successfully"}
{"level":30,"time":"2025-04-12T18:59:59.261Z","version":"1.0.0","hostname":"GROLLANDDESKTOP","msg":"Connecting to database..."}
{"level":30,"time":"2025-04-12T18:59:59.304Z","version":"1.0.0","hostname":"GROLLANDDESKTOP","msg":"Database connection established"}
{"level":30,"time":"2025-04-12T18:59:59.306Z","version":"1.0.0","hostname":"GROLLANDDESKTOP","msg":"Starting bot..."}
{"level":30,"time":"2025-04-12T18:59:59.351Z","version":"1.0.0","hostname":"GROLLANDDESKTOP","msg":"Bot started successfully"}
{"level":30,"time":"2025-04-12T19:03:34.988Z","version":"1.0.0","hostname":"GROLLANDDESKTOP","msg":"Connecting to database..."}
{"level":30,"time":"2025-04-12T19:03:35.035Z","version":"1.0.0","hostname":"GROLLANDDESKTOP","msg":"Database connection established"}
{"level":30,"time":"2025-04-12T19:03:35.037Z","version":"1.0.0","hostname":"GROLLANDDESKTOP","msg":"Starting bot..."}
{"level":30,"time":"2025-04-12T19:03:35.077Z","version":"1.0.0","hostname":"GROLLANDDESKTOP","msg":"Bot started successfully"}
{"level":30,"time":"2025-04-12T19:03:44.029Z","version":"1.0.0","hostname":"GROLLANDDESKTOP","msg":"Connecting to database..."}
{"level":30,"time":"2025-04-12T19:03:44.075Z","version":"1.0.0","hostname":"GROLLANDDESKTOP","msg":"Database connection established"}
{"level":30,"time":"2025-04-12T19:03:44.077Z","version":"1.0.0","hostname":"GROLLANDDESKTOP","msg":"Starting bot..."}
{"level":30,"time":"2025-04-12T19:03:44.121Z","version":"1.0.0","hostname":"GROLLANDDESKTOP","msg":"Bot started successfully"}
{"level":30,"time":"2025-04-12T19:03:59.916Z","version":"1.0.0","hostname":"GROLLANDDESKTOP","msg":"Connecting to database..."}
{"level":30,"time":"2025-04-12T19:03:59.959Z","version":"1.0.0","hostname":"GROLLANDDESKTOP","msg":"Database connection established"}
{"level":30,"time":"2025-04-12T19:03:59.961Z","version":"1.0.0","hostname":"GROLLANDDESKTOP","msg":"Starting bot..."}
{"level":30,"time":"2025-04-12T19:04:00.000Z","version":"1.0.0","hostname":"GROLLANDDESKTOP","msg":"Bot started successfully"}
{"level":30,"time":"2025-04-12T19:04:57.112Z","version":"1.0.0","hostname":"GROLLANDDESKTOP","msg":"Connecting to database..."}
{"level":30,"time":"2025-04-12T19:04:57.163Z","version":"1.0.0","hostname":"GROLLANDDESKTOP","msg":"Database connection established"}
{"level":30,"time":"2025-04-12T19:04:57.165Z","version":"1.0.0","hostname":"GROLLANDDESKTOP","msg":"Starting bot..."}
{"level":30,"time":"2025-04-12T19:04:57.206Z","version":"1.0.0","hostname":"GROLLANDDESKTOP","msg":"Bot started successfully"}
{"level":30,"time":"2025-04-12T19:05:06.241Z","version":"1.0.0","hostname":"GROLLANDDESKTOP","msg":"Connecting to database..."}
{"level":30,"time":"2025-04-12T19:05:06.316Z","version":"1.0.0","hostname":"GROLLANDDESKTOP","msg":"Database connection established"}
{"level":30,"time":"2025-04-12T19:05:06.318Z","version":"1.0.0","hostname":"GROLLANDDESKTOP","msg":"Starting bot..."}
{"level":30,"time":"2025-04-12T19:05:06.364Z","version":"1.0.0","hostname":"GROLLANDDESKTOP","msg":"Bot started successfully"}
{"level":30,"time":"2025-04-12T19:05:26.521Z","version":"1.0.0","hostname":"GROLLANDDESKTOP","msg":"Connecting to database..."}
{"level":30,"time":"2025-04-12T19:05:26.565Z","version":"1.0.0","hostname":"GROLLANDDESKTOP","msg":"Database connection established"}
{"level":30,"time":"2025-04-12T19:05:26.567Z","version":"1.0.0","hostname":"GROLLANDDESKTOP","msg":"Starting bot..."}
{"level":30,"time":"2025-04-12T19:05:26.609Z","version":"1.0.0","hostname":"GROLLANDDESKTOP","msg":"Bot started successfully"}
{"level":30,"time":"2025-04-12T19:07:13.308Z","version":"1.0.0","hostname":"GROLLANDDESKTOP","msg":"Connecting to database..."}
{"level":30,"time":"2025-04-12T19:07:13.357Z","version":"1.0.0","hostname":"GROLLANDDESKTOP","msg":"Database connection established"}
{"level":30,"time":"2025-04-12T19:07:13.359Z","version":"1.0.0","hostname":"GROLLANDDESKTOP","msg":"Starting bot..."}
{"level":30,"time":"2025-04-12T19:07:13.406Z","version":"1.0.0","hostname":"GROLLANDDESKTOP","msg":"Bot started successfully"}
{"level":30,"time":"2025-04-12T19:07:22.923Z","version":"1.0.0","hostname":"GROLLANDDESKTOP","msg":"Connecting to database..."}
{"level":30,"time":"2025-04-12T19:07:22.981Z","version":"1.0.0","hostname":"GROLLANDDESKTOP","msg":"Database connection established"}
{"level":30,"time":"2025-04-12T19:07:22.983Z","version":"1.0.0","hostname":"GROLLANDDESKTOP","msg":"Starting bot..."}
{"level":30,"time":"2025-04-12T19:07:23.024Z","version":"1.0.0","hostname":"GROLLANDDESKTOP","msg":"Bot started successfully"}
{"level":30,"time":"2025-04-12T19:07:31.107Z","version":"1.0.0","hostname":"GROLLANDDESKTOP","msg":"Connecting to database..."}
{"level":30,"time":"2025-04-12T19:07:31.150Z","version":"1.0.0","hostname":"GROLLANDDESKTOP","msg":"Database connection established"}
{"level":30,"time":"2025-04-12T19:07:31.152Z","version":"1.0.0","hostname":"GROLLANDDESKTOP","msg":"Starting bot..."}
{"level":30,"time":"2025-04-12T19:07:31.192Z","version":"1.0.0","hostname":"GROLLANDDESKTOP","msg":"Bot started successfully"}
{"level":30,"time":"2025-04-12T19:09:06.500Z","version":"1.0.0","hostname":"GROLLANDDESKTOP","msg":"Connecting to database..."}
{"level":30,"time":"2025-04-12T19:09:06.591Z","version":"1.0.0","hostname":"GROLLANDDESKTOP","msg":"Database connection established"}
{"level":30,"time":"2025-04-12T19:09:06.593Z","version":"1.0.0","hostname":"GROLLANDDESKTOP","msg":"Starting bot..."}
{"level":30,"time":"2025-04-12T19:09:06.652Z","version":"1.0.0","hostname":"GROLLANDDESKTOP","msg":"Bot started successfully"}
{"level":30,"time":"2025-04-12T19:09:09.044Z","version":"1.0.0","hostname":"GROLLANDDESKTOP","msg":"Connecting to database..."}
{"level":30,"time":"2025-04-12T19:09:09.086Z","version":"1.0.0","hostname":"GROLLANDDESKTOP","msg":"Database connection established"}
{"level":30,"time":"2025-04-12T19:09:09.087Z","version":"1.0.0","hostname":"GROLLANDDESKTOP","msg":"Starting bot..."}
{"level":30,"time":"2025-04-12T19:09:09.129Z","version":"1.0.0","hostname":"GROLLANDDESKTOP","msg":"Bot started successfully"}
{"level":30,"time":"2025-04-12T19:09:17.529Z","version":"1.0.0","hostname":"GROLLANDDESKTOP","msg":"Connecting to database..."}
{"level":30,"time":"2025-04-12T19:09:17.581Z","version":"1.0.0","hostname":"GROLLANDDESKTOP","msg":"Database connection established"}
{"level":30,"time":"2025-04-12T19:09:17.583Z","version":"1.0.0","hostname":"GROLLANDDESKTOP","msg":"Starting bot..."}
{"level":30,"time":"2025-04-12T19:09:17.628Z","version":"1.0.0","hostname":"GROLLANDDESKTOP","msg":"Bot started successfully"}
{"level":30,"time":"2025-04-12T19:09:22.470Z","version":"1.0.0","hostname":"GROLLANDDESKTOP","msg":"Connecting to database..."}
{"level":30,"time":"2025-04-12T19:09:22.566Z","version":"1.0.0","hostname":"GROLLANDDESKTOP","msg":"Database connection established"}
{"level":30,"time":"2025-04-12T19:09:22.568Z","version":"1.0.0","hostname":"GROLLANDDESKTOP","msg":"Starting bot..."}
{"level":30,"time":"2025-04-12T19:09:22.617Z","version":"1.0.0","hostname":"GROLLANDDESKTOP","msg":"Bot started successfully"}
{"level":30,"time":"2025-04-12T19:09:29.422Z","version":"1.0.0","hostname":"GROLLANDDESKTOP","msg":"Connecting to database..."}
{"level":30,"time":"2025-04-12T19:09:29.501Z","version":"1.0.0","hostname":"GROLLANDDESKTOP","msg":"Database connection established"}
{"level":30,"time":"2025-04-12T19:09:29.505Z","version":"1.0.0","hostname":"GROLLANDDESKTOP","msg":"Starting bot..."}
{"level":30,"time":"2025-04-12T19:09:29.556Z","version":"1.0.0","hostname":"GROLLANDDESKTOP","msg":"Bot started successfully"}
{"level":30,"time":"2025-04-12T19:15:46.559Z","version":"1.0.0","hostname":"GROLLANDDESKTOP","msg":"Connecting to database..."}
{"level":30,"time":"2025-04-12T19:15:46.606Z","version":"1.0.0","hostname":"GROLLANDDESKTOP","msg":"Database connection established"}
{"level":30,"time":"2025-04-12T19:15:46.607Z","version":"1.0.0","hostname":"GROLLANDDESKTOP","msg":"Starting bot..."}
{"level":30,"time":"2025-04-12T19:15:46.649Z","version":"1.0.0","hostname":"GROLLANDDESKTOP","msg":"Bot started successfully"}
{"level":30,"time":"2025-04-12T19:16:04.113Z","version":"1.0.0","hostname":"GROLLANDDESKTOP","msg":"Connecting to database..."}
{"level":30,"time":"2025-04-12T19:16:04.156Z","version":"1.0.0","hostname":"GROLLANDDESKTOP","msg":"Database connection established"}
{"level":30,"time":"2025-04-12T19:16:04.158Z","version":"1.0.0","hostname":"GROLLANDDESKTOP","msg":"Starting bot..."}
{"level":30,"time":"2025-04-12T19:16:04.198Z","version":"1.0.0","hostname":"GROLLANDDESKTOP","msg":"Bot started successfully"}
{"level":30,"time":"2025-04-12T19:16:21.614Z","version":"1.0.0","hostname":"GROLLANDDESKTOP","msg":"Connecting to database..."}
{"level":30,"time":"2025-04-12T19:16:21.659Z","version":"1.0.0","hostname":"GROLLANDDESKTOP","msg":"Database connection established"}
{"level":30,"time":"2025-04-12T19:16:21.661Z","version":"1.0.0","hostname":"GROLLANDDESKTOP","msg":"Starting bot..."}
{"level":30,"time":"2025-04-12T19:16:21.705Z","version":"1.0.0","hostname":"GROLLANDDESKTOP","msg":"Bot started successfully"}
{"level":30,"time":"2025-04-12T19:20:54.414Z","version":"1.0.0","hostname":"GROLLANDDESKTOP","msg":"Connecting to database..."}
{"level":30,"time":"2025-04-12T19:20:54.463Z","version":"1.0.0","hostname":"GROLLANDDESKTOP","msg":"Database connection established"}
{"level":30,"time":"2025-04-12T19:20:54.465Z","version":"1.0.0","hostname":"GROLLANDDESKTOP","msg":"Starting bot..."}
{"level":30,"time":"2025-04-12T19:20:54.505Z","version":"1.0.0","hostname":"GROLLANDDESKTOP","msg":"Bot started successfully"}
{"level":30,"time":"2025-04-12T19:24:22.638Z","version":"1.0.0","hostname":"GROLLANDDESKTOP","msg":"Connecting to database..."}
{"level":30,"time":"2025-04-12T19:24:22.687Z","version":"1.0.0","hostname":"GROLLANDDESKTOP","msg":"Database connection established"}
{"level":30,"time":"2025-04-12T19:24:22.689Z","version":"1.0.0","hostname":"GROLLANDDESKTOP","msg":"Starting bot..."}
{"level":30,"time":"2025-04-12T19:24:22.733Z","version":"1.0.0","hostname":"GROLLANDDESKTOP","msg":"Bot started successfully"}
{"level":30,"time":"2025-04-12T19:24:32.396Z","version":"1.0.0","hostname":"GROLLANDDESKTOP","msg":"Connecting to database..."}
{"level":30,"time":"2025-04-12T19:24:32.443Z","version":"1.0.0","hostname":"GROLLANDDESKTOP","msg":"Database connection established"}
{"level":30,"time":"2025-04-12T19:24:32.446Z","version":"1.0.0","hostname":"GROLLANDDESKTOP","msg":"Starting bot..."}
{"level":30,"time":"2025-04-12T19:24:32.493Z","version":"1.0.0","hostname":"GROLLANDDESKTOP","msg":"Bot started successfully"}
{"level":30,"time":"2025-04-12T19:24:46.141Z","version":"1.0.0","hostname":"GROLLANDDESKTOP","msg":"Connecting to database..."}
{"level":30,"time":"2025-04-12T19:24:46.196Z","version":"1.0.0","hostname":"GROLLANDDESKTOP","msg":"Database connection established"}
{"level":30,"time":"2025-04-12T19:24:46.198Z","version":"1.0.0","hostname":"GROLLANDDESKTOP","msg":"Starting bot..."}
{"level":30,"time":"2025-04-12T19:24:46.241Z","version":"1.0.0","hostname":"GROLLANDDESKTOP","msg":"Bot started successfully"}
{"level":30,"time":"2025-04-12T19:26:57.264Z","version":"1.0.0","hostname":"GROLLANDDESKTOP","msg":"Connecting to database..."}
{"level":30,"time":"2025-04-12T19:26:57.318Z","version":"1.0.0","hostname":"GROLLANDDESKTOP","msg":"Database connection established"}
{"level":30,"time":"2025-04-12T19:26:57.320Z","version":"1.0.0","hostname":"GROLLANDDESKTOP","msg":"Starting bot..."}
{"level":30,"time":"2025-04-12T19:26:57.367Z","version":"1.0.0","hostname":"GROLLANDDESKTOP","msg":"Bot started successfully"}
{"level":30,"time":"2025-04-12T19:27:08.630Z","version":"1.0.0","hostname":"GROLLANDDESKTOP","msg":"Connecting to database..."}
{"level":30,"time":"2025-04-12T19:27:08.679Z","version":"1.0.0","hostname":"GROLLANDDESKTOP","msg":"Database connection established"}
{"level":30,"time":"2025-04-12T19:27:08.681Z","version":"1.0.0","hostname":"GROLLANDDESKTOP","msg":"Starting bot..."}
{"level":30,"time":"2025-04-12T19:27:08.726Z","version":"1.0.0","hostname":"GROLLANDDESKTOP","msg":"Bot started successfully"}
{"level":30,"time":"2025-04-12T19:27:17.458Z","version":"1.0.0","hostname":"GROLLANDDESKTOP","msg":"Connecting to database..."}
{"level":30,"time":"2025-04-12T19:27:17.504Z","version":"1.0.0","hostname":"GROLLANDDESKTOP","msg":"Database connection established"}
{"level":30,"time":"2025-04-12T19:27:17.506Z","version":"1.0.0","hostname":"GROLLANDDESKTOP","msg":"Starting bot..."}
{"level":30,"time":"2025-04-12T19:27:17.551Z","version":"1.0.0","hostname":"GROLLANDDESKTOP","msg":"Bot started successfully"}
{"level":30,"time":"2025-04-12T19:29:14.646Z","version":"1.0.0","hostname":"GROLLANDDESKTOP","msg":"Connecting to database..."}
{"level":30,"time":"2025-04-12T19:29:14.695Z","version":"1.0.0","hostname":"GROLLANDDESKTOP","msg":"Database connection established"}
{"level":30,"time":"2025-04-12T19:29:14.698Z","version":"1.0.0","hostname":"GROLLANDDESKTOP","msg":"Starting bot..."}
{"level":30,"time":"2025-04-12T19:29:14.743Z","version":"1.0.0","hostname":"GROLLANDDESKTOP","msg":"Bot started successfully"}
{"level":30,"time":"2025-04-12T19:29:20.690Z","version":"1.0.0","hostname":"GROLLANDDESKTOP","msg":"Connecting to database..."}
{"level":30,"time":"2025-04-12T19:29:20.737Z","version":"1.0.0","hostname":"GROLLANDDESKTOP","msg":"Database connection established"}
{"level":30,"time":"2025-04-12T19:29:20.738Z","version":"1.0.0","hostname":"GROLLANDDESKTOP","msg":"Starting bot..."}
{"level":30,"time":"2025-04-12T19:29:20.779Z","version":"1.0.0","hostname":"GROLLANDDESKTOP","msg":"Bot started successfully"}
{"level":30,"time":"2025-04-12T19:29:33.148Z","version":"1.0.0","hostname":"GROLLANDDESKTOP","msg":"Connecting to database..."}
{"level":30,"time":"2025-04-12T19:29:33.194Z","version":"1.0.0","hostname":"GROLLANDDESKTOP","msg":"Database connection established"}
{"level":30,"time":"2025-04-12T19:29:33.196Z","version":"1.0.0","hostname":"GROLLANDDESKTOP","msg":"Starting bot..."}
{"level":30,"time":"2025-04-12T19:29:33.240Z","version":"1.0.0","hostname":"GROLLANDDESKTOP","msg":"Bot started successfully"}
{"level":30,"time":"2025-04-12T19:30:57.934Z","version":"1.0.0","hostname":"GROLLANDDESKTOP","msg":"Connecting to database..."}
{"level":30,"time":"2025-04-12T19:30:57.977Z","version":"1.0.0","hostname":"GROLLANDDESKTOP","msg":"Database connection established"}
{"level":30,"time":"2025-04-12T19:30:57.979Z","version":"1.0.0","hostname":"GROLLANDDESKTOP","msg":"Starting bot..."}
{"level":30,"time":"2025-04-12T19:30:58.025Z","version":"1.0.0","hostname":"GROLLANDDESKTOP","msg":"Bot started successfully"}
{"level":30,"time":"2025-04-12T19:31:05.861Z","version":"1.0.0","hostname":"GROLLANDDESKTOP","msg":"Connecting to database..."}
{"level":30,"time":"2025-04-12T19:31:05.912Z","version":"1.0.0","hostname":"GROLLANDDESKTOP","msg":"Database connection established"}
{"level":30,"time":"2025-04-12T19:31:05.914Z","version":"1.0.0","hostname":"GROLLANDDESKTOP","msg":"Starting bot..."}
{"level":30,"time":"2025-04-12T19:31:05.957Z","version":"1.0.0","hostname":"GROLLANDDESKTOP","msg":"Bot started successfully"}
{"level":30,"time":"2025-04-12T19:31:17.941Z","version":"1.0.0","hostname":"GROLLANDDESKTOP","msg":"Connecting to database..."}
{"level":30,"time":"2025-04-12T19:31:17.985Z","version":"1.0.0","hostname":"GROLLANDDESKTOP","msg":"Database connection established"}
{"level":30,"time":"2025-04-12T19:31:17.987Z","version":"1.0.0","hostname":"GROLLANDDESKTOP","msg":"Starting bot..."}
{"level":30,"time":"2025-04-12T19:31:18.028Z","version":"1.0.0","hostname":"GROLLANDDESKTOP","msg":"Bot started successfully"}
{"level":30,"time":"2025-04-12T19:34:57.069Z","version":"1.0.0","hostname":"GROLLANDDESKTOP","msg":"Connecting to database..."}
{"level":30,"time":"2025-04-12T19:34:57.121Z","version":"1.0.0","hostname":"GROLLANDDESKTOP","msg":"Database connection established"}
{"level":30,"time":"2025-04-12T19:34:57.122Z","version":"1.0.0","hostname":"GROLLANDDESKTOP","msg":"Starting bot..."}
{"level":30,"time":"2025-04-12T19:34:57.162Z","version":"1.0.0","hostname":"GROLLANDDESKTOP","msg":"Bot started successfully"}
{"level":30,"time":"2025-04-12T19:35:19.301Z","version":"1.0.0","hostname":"GROLLANDDESKTOP","userId":5134025713,"username":"sa1nt9","step":"sleep_menu","messageType":"text","msg":"Processing message event"}
{"level":30,"time":"2025-04-12T19:35:19.302Z","version":"1.0.0","hostname":"GROLLANDDESKTOP","userId":"5134025713","setActive":true,"msg":"Starting people search"}
{"level":30,"time":"2025-04-12T19:35:19.410Z","version":"1.0.0","hostname":"GROLLANDDESKTOP","userId":"5134025713","msg":"Profile activated for search"}
{"level":30,"time":"2025-04-12T19:35:19.425Z","version":"1.0.0","hostname":"GROLLANDDESKTOP","msg":"This is new candidate"}
{"level":30,"time":"2025-04-12T19:35:19.425Z","version":"1.0.0","hostname":"GROLLANDDESKTOP","userId":"5134025713","msg":"Candidates ended, returning to sleep menu"}
{"level":30,"time":"2025-04-12T19:37:24.923Z","version":"1.0.0","hostname":"GROLLANDDESKTOP","msg":"Connecting to database..."}
{"level":30,"time":"2025-04-12T19:37:24.971Z","version":"1.0.0","hostname":"GROLLANDDESKTOP","msg":"Database connection established"}
{"level":30,"time":"2025-04-12T19:37:24.973Z","version":"1.0.0","hostname":"GROLLANDDESKTOP","msg":"Starting bot..."}
{"level":30,"time":"2025-04-12T19:37:25.013Z","version":"1.0.0","hostname":"GROLLANDDESKTOP","msg":"Bot started successfully"}
{"level":30,"time":"2025-04-12T19:37:59.547Z","version":"1.0.0","hostname":"GROLLANDDESKTOP","msg":"Connecting to database..."}
{"level":30,"time":"2025-04-12T19:37:59.598Z","version":"1.0.0","hostname":"GROLLANDDESKTOP","msg":"Database connection established"}
{"level":30,"time":"2025-04-12T19:37:59.600Z","version":"1.0.0","hostname":"GROLLANDDESKTOP","msg":"Starting bot..."}
{"level":30,"time":"2025-04-12T19:37:59.643Z","version":"1.0.0","hostname":"GROLLANDDESKTOP","msg":"Bot started successfully"}
{"level":30,"time":"2025-04-12T19:38:15.133Z","version":"1.0.0","hostname":"GROLLANDDESKTOP","userId":5134025713,"username":"sa1nt9","step":"sleep_menu","messageType":"text","msg":"Processing message event"}
{"level":30,"time":"2025-04-12T19:38:15.135Z","version":"1.0.0","hostname":"GROLLANDDESKTOP","userId":"5134025713","setActive":true,"msg":"Starting people search"}
{"level":30,"time":"2025-04-12T19:38:15.263Z","version":"1.0.0","hostname":"GROLLANDDESKTOP","userId":"5134025713","msg":"Profile activated for search"}
{"level":30,"time":"2025-04-12T19:38:15.303Z","version":"1.0.0","hostname":"GROLLANDDESKTOP","msg":"This is new candidate"}
{"level":30,"time":"2025-04-12T19:38:15.304Z","version":"1.0.0","hostname":"GROLLANDDESKTOP","userId":"5134025713","msg":"Candidates ended, returning to sleep menu"}
{"level":30,"time":"2025-04-12T19:39:25.187Z","version":"1.0.0","hostname":"GROLLANDDESKTOP","msg":"Connecting to database..."}
{"level":30,"time":"2025-04-12T19:39:25.300Z","version":"1.0.0","hostname":"GROLLANDDESKTOP","msg":"Database connection established"}
{"level":30,"time":"2025-04-12T19:39:25.302Z","version":"1.0.0","hostname":"GROLLANDDESKTOP","msg":"Starting bot..."}
{"level":30,"time":"2025-04-12T19:39:25.355Z","version":"1.0.0","hostname":"GROLLANDDESKTOP","msg":"Bot started successfully"}
{"level":30,"time":"2025-04-12T19:39:55.877Z","version":"1.0.0","hostname":"GROLLANDDESKTOP","msg":"Connecting to database..."}
{"level":30,"time":"2025-04-12T19:39:55.927Z","version":"1.0.0","hostname":"GROLLANDDESKTOP","msg":"Database connection established"}
{"level":30,"time":"2025-04-12T19:39:55.929Z","version":"1.0.0","hostname":"GROLLANDDESKTOP","msg":"Starting bot..."}
{"level":30,"time":"2025-04-12T19:39:55.970Z","version":"1.0.0","hostname":"GROLLANDDESKTOP","msg":"Bot started successfully"}
{"level":30,"time":"2025-04-12T19:42:21.610Z","version":"1.0.0","hostname":"GROLLANDDESKTOP","msg":"Connecting to database..."}
{"level":30,"time":"2025-04-12T19:42:21.654Z","version":"1.0.0","hostname":"GROLLANDDESKTOP","msg":"Database connection established"}
{"level":30,"time":"2025-04-12T19:42:21.656Z","version":"1.0.0","hostname":"GROLLANDDESKTOP","msg":"Starting bot..."}
{"level":30,"time":"2025-04-12T19:42:21.696Z","version":"1.0.0","hostname":"GROLLANDDESKTOP","msg":"Bot started successfully"}
{"level":30,"time":"2025-04-12T19:42:42.962Z","version":"1.0.0","hostname":"GROLLANDDESKTOP","msg":"Connecting to database..."}
{"level":30,"time":"2025-04-12T19:42:43.006Z","version":"1.0.0","hostname":"GROLLANDDESKTOP","msg":"Database connection established"}
{"level":30,"time":"2025-04-12T19:42:43.008Z","version":"1.0.0","hostname":"GROLLANDDESKTOP","msg":"Starting bot..."}
{"level":30,"time":"2025-04-12T19:42:43.049Z","version":"1.0.0","hostname":"GROLLANDDESKTOP","msg":"Bot started successfully"}
{"level":30,"time":"2025-04-12T19:43:13.001Z","version":"1.0.0","hostname":"GROLLANDDESKTOP","msg":"Connecting to database..."}
{"level":30,"time":"2025-04-12T19:43:13.046Z","version":"1.0.0","hostname":"GROLLANDDESKTOP","msg":"Database connection established"}
{"level":30,"time":"2025-04-12T19:43:13.048Z","version":"1.0.0","hostname":"GROLLANDDESKTOP","msg":"Starting bot..."}
{"level":30,"time":"2025-04-12T19:43:13.086Z","version":"1.0.0","hostname":"GROLLANDDESKTOP","msg":"Bot started successfully"}
{"level":30,"time":"2025-04-12T19:43:47.877Z","version":"1.0.0","hostname":"GROLLANDDESKTOP","msg":"Connecting to database..."}
{"level":30,"time":"2025-04-12T19:43:47.926Z","version":"1.0.0","hostname":"GROLLANDDESKTOP","msg":"Database connection established"}
{"level":30,"time":"2025-04-12T19:43:47.928Z","version":"1.0.0","hostname":"GROLLANDDESKTOP","msg":"Starting bot..."}
{"level":30,"time":"2025-04-12T19:43:47.969Z","version":"1.0.0","hostname":"GROLLANDDESKTOP","msg":"Bot started successfully"}
{"level":30,"time":"2025-04-12T19:44:23.007Z","version":"1.0.0","hostname":"GROLLANDDESKTOP","msg":"Connecting to database..."}
{"level":30,"time":"2025-04-12T19:44:23.055Z","version":"1.0.0","hostname":"GROLLANDDESKTOP","msg":"Database connection established"}
{"level":30,"time":"2025-04-12T19:44:23.057Z","version":"1.0.0","hostname":"GROLLANDDESKTOP","msg":"Starting bot..."}
{"level":30,"time":"2025-04-12T19:44:23.106Z","version":"1.0.0","hostname":"GROLLANDDESKTOP","msg":"Bot started successfully"}
{"level":30,"time":"2025-04-12T19:44:40.402Z","version":"1.0.0","hostname":"GROLLANDDESKTOP","msg":"Connecting to database..."}
{"level":30,"time":"2025-04-12T19:44:40.448Z","version":"1.0.0","hostname":"GROLLANDDESKTOP","msg":"Database connection established"}
{"level":30,"time":"2025-04-12T19:44:40.450Z","version":"1.0.0","hostname":"GROLLANDDESKTOP","msg":"Starting bot..."}
{"level":30,"time":"2025-04-12T19:44:40.500Z","version":"1.0.0","hostname":"GROLLANDDESKTOP","msg":"Bot started successfully"}
{"level":30,"time":"2025-04-12T19:49:33.378Z","version":"1.0.0","hostname":"GROLLANDDESKTOP","msg":"Connecting to database..."}
{"level":30,"time":"2025-04-12T19:49:33.425Z","version":"1.0.0","hostname":"GROLLANDDESKTOP","msg":"Database connection established"}
{"level":30,"time":"2025-04-12T19:49:33.427Z","version":"1.0.0","hostname":"GROLLANDDESKTOP","msg":"Starting bot..."}
{"level":30,"time":"2025-04-12T19:49:33.470Z","version":"1.0.0","hostname":"GROLLANDDESKTOP","msg":"Bot started successfully"}
{"level":30,"time":"2025-04-12T19:52:12.848Z","version":"1.0.0","hostname":"GROLLANDDESKTOP","msg":"Connecting to database..."}
{"level":30,"time":"2025-04-12T19:52:12.906Z","version":"1.0.0","hostname":"GROLLANDDESKTOP","msg":"Database connection established"}
{"level":30,"time":"2025-04-12T19:52:12.908Z","version":"1.0.0","hostname":"GROLLANDDESKTOP","msg":"Starting bot..."}
{"level":30,"time":"2025-04-12T19:52:12.951Z","version":"1.0.0","hostname":"GROLLANDDESKTOP","msg":"Bot started successfully"}
{"level":30,"time":"2025-04-12T19:55:46.312Z","version":"1.0.0","hostname":"GROLLANDDESKTOP","msg":"Connecting to database..."}
{"level":30,"time":"2025-04-12T19:55:46.360Z","version":"1.0.0","hostname":"GROLLANDDESKTOP","msg":"Database connection established"}
{"level":30,"time":"2025-04-12T19:55:46.362Z","version":"1.0.0","hostname":"GROLLANDDESKTOP","msg":"Starting bot..."}
{"level":30,"time":"2025-04-12T19:55:46.405Z","version":"1.0.0","hostname":"GROLLANDDESKTOP","msg":"Bot started successfully"}
{"level":30,"time":"2025-04-12T19:55:50.204Z","version":"1.0.0","hostname":"GROLLANDDESKTOP","msg":"Connecting to database..."}
{"level":30,"time":"2025-04-12T19:55:50.251Z","version":"1.0.0","hostname":"GROLLANDDESKTOP","msg":"Database connection established"}
{"level":30,"time":"2025-04-12T19:55:50.253Z","version":"1.0.0","hostname":"GROLLANDDESKTOP","msg":"Starting bot..."}
{"level":30,"time":"2025-04-12T19:55:50.292Z","version":"1.0.0","hostname":"GROLLANDDESKTOP","msg":"Bot started successfully"}
{"level":30,"time":"2025-04-12T19:57:07.312Z","version":"1.0.0","hostname":"GROLLANDDESKTOP","msg":"Connecting to database..."}
{"level":30,"time":"2025-04-12T19:57:07.359Z","version":"1.0.0","hostname":"GROLLANDDESKTOP","msg":"Database connection established"}
{"level":30,"time":"2025-04-12T19:57:07.361Z","version":"1.0.0","hostname":"GROLLANDDESKTOP","msg":"Starting bot..."}
{"level":30,"time":"2025-04-12T19:57:07.405Z","version":"1.0.0","hostname":"GROLLANDDESKTOP","msg":"Bot started successfully"}
{"level":30,"time":"2025-04-12T20:01:24.665Z","version":"1.0.0","hostname":"GROLLANDDESKTOP","msg":"Connecting to database..."}
{"level":30,"time":"2025-04-12T20:01:24.708Z","version":"1.0.0","hostname":"GROLLANDDESKTOP","msg":"Database connection established"}
{"level":30,"time":"2025-04-12T20:01:24.709Z","version":"1.0.0","hostname":"GROLLANDDESKTOP","msg":"Starting bot..."}
{"level":30,"time":"2025-04-12T20:01:24.749Z","version":"1.0.0","hostname":"GROLLANDDESKTOP","msg":"Bot started successfully"}
{"level":30,"time":"2025-04-12T20:01:41.405Z","version":"1.0.0","hostname":"GROLLANDDESKTOP","msg":"Connecting to database..."}
{"level":30,"time":"2025-04-12T20:01:41.453Z","version":"1.0.0","hostname":"GROLLANDDESKTOP","msg":"Database connection established"}
{"level":30,"time":"2025-04-12T20:01:41.455Z","version":"1.0.0","hostname":"GROLLANDDESKTOP","msg":"Starting bot..."}
{"level":30,"time":"2025-04-12T20:01:41.494Z","version":"1.0.0","hostname":"GROLLANDDESKTOP","msg":"Bot started successfully"}
{"level":30,"time":"2025-04-12T20:02:15.862Z","version":"1.0.0","hostname":"GROLLANDDESKTOP","msg":"Connecting to database..."}
{"level":30,"time":"2025-04-12T20:02:15.909Z","version":"1.0.0","hostname":"GROLLANDDESKTOP","msg":"Database connection established"}
{"level":30,"time":"2025-04-12T20:02:15.911Z","version":"1.0.0","hostname":"GROLLANDDESKTOP","msg":"Starting bot..."}
{"level":30,"time":"2025-04-12T20:02:15.952Z","version":"1.0.0","hostname":"GROLLANDDESKTOP","msg":"Bot started successfully"}
{"level":30,"time":"2025-04-12T20:02:26.974Z","version":"1.0.0","hostname":"GROLLANDDESKTOP","msg":"Connecting to database..."}
{"level":30,"time":"2025-04-12T20:02:27.025Z","version":"1.0.0","hostname":"GROLLANDDESKTOP","msg":"Database connection established"}
{"level":30,"time":"2025-04-12T20:02:27.027Z","version":"1.0.0","hostname":"GROLLANDDESKTOP","msg":"Starting bot..."}
{"level":30,"time":"2025-04-12T20:02:27.066Z","version":"1.0.0","hostname":"GROLLANDDESKTOP","msg":"Bot started successfully"}
{"level":30,"time":"2025-04-12T20:02:38.901Z","version":"1.0.0","hostname":"GROLLANDDESKTOP","msg":"Connecting to database..."}
{"level":30,"time":"2025-04-12T20:02:38.945Z","version":"1.0.0","hostname":"GROLLANDDESKTOP","msg":"Database connection established"}
{"level":30,"time":"2025-04-12T20:02:38.946Z","version":"1.0.0","hostname":"GROLLANDDESKTOP","msg":"Starting bot..."}
{"level":30,"time":"2025-04-12T20:02:38.989Z","version":"1.0.0","hostname":"GROLLANDDESKTOP","msg":"Bot started successfully"}
{"level":30,"time":"2025-04-12T20:02:44.288Z","version":"1.0.0","hostname":"GROLLANDDESKTOP","msg":"Connecting to database..."}
{"level":30,"time":"2025-04-12T20:02:44.331Z","version":"1.0.0","hostname":"GROLLANDDESKTOP","msg":"Database connection established"}
{"level":30,"time":"2025-04-12T20:02:44.333Z","version":"1.0.0","hostname":"GROLLANDDESKTOP","msg":"Starting bot..."}
{"level":30,"time":"2025-04-12T20:02:44.374Z","version":"1.0.0","hostname":"GROLLANDDESKTOP","msg":"Bot started successfully"}
{"level":30,"time":"2025-04-12T20:03:34.352Z","version":"1.0.0","hostname":"GROLLANDDESKTOP","msg":"Connecting to database..."}
{"level":30,"time":"2025-04-12T20:03:34.405Z","version":"1.0.0","hostname":"GROLLANDDESKTOP","msg":"Database connection established"}
{"level":30,"time":"2025-04-12T20:03:34.407Z","version":"1.0.0","hostname":"GROLLANDDESKTOP","msg":"Starting bot..."}
{"level":30,"time":"2025-04-12T20:03:34.448Z","version":"1.0.0","hostname":"GROLLANDDESKTOP","msg":"Bot started successfully"}
{"level":30,"time":"2025-04-12T20:03:41.261Z","version":"1.0.0","hostname":"GROLLANDDESKTOP","msg":"Connecting to database..."}
{"level":30,"time":"2025-04-12T20:03:41.348Z","version":"1.0.0","hostname":"GROLLANDDESKTOP","msg":"Database connection established"}
{"level":30,"time":"2025-04-12T20:03:41.351Z","version":"1.0.0","hostname":"GROLLANDDESKTOP","msg":"Starting bot..."}
{"level":30,"time":"2025-04-12T20:03:41.569Z","version":"1.0.0","hostname":"GROLLANDDESKTOP","msg":"Bot started successfully"}
{"level":30,"time":"2025-04-12T20:03:48.928Z","version":"1.0.0","hostname":"GROLLANDDESKTOP","msg":"Connecting to database..."}
{"level":30,"time":"2025-04-12T20:03:48.978Z","version":"1.0.0","hostname":"GROLLANDDESKTOP","msg":"Database connection established"}
{"level":30,"time":"2025-04-12T20:03:48.979Z","version":"1.0.0","hostname":"GROLLANDDESKTOP","msg":"Starting bot..."}
{"level":30,"time":"2025-04-12T20:03:49.020Z","version":"1.0.0","hostname":"GROLLANDDESKTOP","msg":"Bot started successfully"}
{"level":30,"time":"2025-04-12T20:03:56.824Z","version":"1.0.0","hostname":"GROLLANDDESKTOP","msg":"Connecting to database..."}
{"level":30,"time":"2025-04-12T20:03:56.868Z","version":"1.0.0","hostname":"GROLLANDDESKTOP","msg":"Database connection established"}
{"level":30,"time":"2025-04-12T20:03:56.870Z","version":"1.0.0","hostname":"GROLLANDDESKTOP","msg":"Starting bot..."}
{"level":30,"time":"2025-04-12T20:03:56.909Z","version":"1.0.0","hostname":"GROLLANDDESKTOP","msg":"Bot started successfully"}
{"level":30,"time":"2025-04-12T20:04:04.872Z","version":"1.0.0","hostname":"GROLLANDDESKTOP","msg":"Connecting to database..."}
{"level":30,"time":"2025-04-12T20:04:04.916Z","version":"1.0.0","hostname":"GROLLANDDESKTOP","msg":"Database connection established"}
{"level":30,"time":"2025-04-12T20:04:04.918Z","version":"1.0.0","hostname":"GROLLANDDESKTOP","msg":"Starting bot..."}
{"level":30,"time":"2025-04-12T20:04:04.958Z","version":"1.0.0","hostname":"GROLLANDDESKTOP","msg":"Bot started successfully"}
{"level":30,"time":"2025-04-12T20:04:20.201Z","version":"1.0.0","hostname":"GROLLANDDESKTOP","msg":"Connecting to database..."}
{"level":30,"time":"2025-04-12T20:04:20.247Z","version":"1.0.0","hostname":"GROLLANDDESKTOP","msg":"Database connection established"}
{"level":30,"time":"2025-04-12T20:04:20.249Z","version":"1.0.0","hostname":"GROLLANDDESKTOP","msg":"Starting bot..."}
{"level":30,"time":"2025-04-12T20:04:20.289Z","version":"1.0.0","hostname":"GROLLANDDESKTOP","msg":"Bot started successfully"}
{"level":30,"time":"2025-04-12T20:05:03.665Z","version":"1.0.0","hostname":"GROLLANDDESKTOP","msg":"Connecting to database..."}
{"level":30,"time":"2025-04-12T20:05:03.716Z","version":"1.0.0","hostname":"GROLLANDDESKTOP","msg":"Database connection established"}
{"level":30,"time":"2025-04-12T20:05:03.718Z","version":"1.0.0","hostname":"GROLLANDDESKTOP","msg":"Starting bot..."}
{"level":30,"time":"2025-04-12T20:05:03.770Z","version":"1.0.0","hostname":"GROLLANDDESKTOP","msg":"Bot started successfully"}
{"level":30,"time":"2025-04-12T20:05:17.147Z","version":"1.0.0","hostname":"GROLLANDDESKTOP","msg":"Connecting to database..."}
{"level":30,"time":"2025-04-12T20:05:17.196Z","version":"1.0.0","hostname":"GROLLANDDESKTOP","msg":"Database connection established"}
{"level":30,"time":"2025-04-12T20:05:17.198Z","version":"1.0.0","hostname":"GROLLANDDESKTOP","msg":"Starting bot..."}
{"level":30,"time":"2025-04-12T20:05:17.242Z","version":"1.0.0","hostname":"GROLLANDDESKTOP","msg":"Bot started successfully"}
{"level":30,"time":"2025-04-12T20:06:08.010Z","version":"1.0.0","hostname":"GROLLANDDESKTOP","msg":"Connecting to database..."}
{"level":30,"time":"2025-04-12T20:06:08.058Z","version":"1.0.0","hostname":"GROLLANDDESKTOP","msg":"Database connection established"}
{"level":30,"time":"2025-04-12T20:06:08.060Z","version":"1.0.0","hostname":"GROLLANDDESKTOP","msg":"Starting bot..."}
{"level":30,"time":"2025-04-12T20:06:08.104Z","version":"1.0.0","hostname":"GROLLANDDESKTOP","msg":"Bot started successfully"}
{"level":30,"time":"2025-04-12T20:06:34.904Z","version":"1.0.0","hostname":"GROLLANDDESKTOP","msg":"Connecting to database..."}
{"level":30,"time":"2025-04-12T20:06:34.951Z","version":"1.0.0","hostname":"GROLLANDDESKTOP","msg":"Database connection established"}
{"level":30,"time":"2025-04-12T20:06:34.954Z","version":"1.0.0","hostname":"GROLLANDDESKTOP","msg":"Starting bot..."}
{"level":30,"time":"2025-04-12T20:06:34.996Z","version":"1.0.0","hostname":"GROLLANDDESKTOP","msg":"Bot started successfully"}
{"level":30,"time":"2025-04-12T20:08:04.268Z","version":"1.0.0","hostname":"GROLLANDDESKTOP","msg":"Connecting to database..."}
{"level":30,"time":"2025-04-12T20:08:04.317Z","version":"1.0.0","hostname":"GROLLANDDESKTOP","msg":"Database connection established"}
{"level":30,"time":"2025-04-12T20:08:04.319Z","version":"1.0.0","hostname":"GROLLANDDESKTOP","msg":"Starting bot..."}
{"level":30,"time":"2025-04-12T20:08:04.365Z","version":"1.0.0","hostname":"GROLLANDDESKTOP","msg":"Bot started successfully"}
{"level":30,"time":"2025-04-12T20:09:59.951Z","version":"1.0.0","hostname":"GROLLANDDESKTOP","msg":"Connecting to database..."}
{"level":30,"time":"2025-04-12T20:10:00.002Z","version":"1.0.0","hostname":"GROLLANDDESKTOP","msg":"Database connection established"}
{"level":30,"time":"2025-04-12T20:10:00.004Z","version":"1.0.0","hostname":"GROLLANDDESKTOP","msg":"Starting bot..."}
{"level":30,"time":"2025-04-12T20:10:00.048Z","version":"1.0.0","hostname":"GROLLANDDESKTOP","msg":"Bot started successfully"}
{"level":30,"time":"2025-04-12T20:10:02.748Z","version":"1.0.0","hostname":"GROLLANDDESKTOP","msg":"Connecting to database..."}
{"level":30,"time":"2025-04-12T20:10:02.794Z","version":"1.0.0","hostname":"GROLLANDDESKTOP","msg":"Database connection established"}
{"level":30,"time":"2025-04-12T20:10:02.796Z","version":"1.0.0","hostname":"GROLLANDDESKTOP","msg":"Starting bot..."}
{"level":30,"time":"2025-04-12T20:10:02.837Z","version":"1.0.0","hostname":"GROLLANDDESKTOP","msg":"Bot started successfully"}
{"level":30,"time":"2025-04-12T20:10:53.972Z","version":"1.0.0","hostname":"GROLLANDDESKTOP","msg":"Connecting to database..."}
{"level":30,"time":"2025-04-12T20:10:54.036Z","version":"1.0.0","hostname":"GROLLANDDESKTOP","msg":"Database connection established"}
{"level":30,"time":"2025-04-12T20:10:54.037Z","version":"1.0.0","hostname":"GROLLANDDESKTOP","msg":"Starting bot..."}
{"level":30,"time":"2025-04-12T20:10:54.091Z","version":"1.0.0","hostname":"GROLLANDDESKTOP","msg":"Bot started successfully"}
{"level":30,"time":"2025-04-12T20:13:14.212Z","version":"1.0.0","hostname":"GROLLANDDESKTOP","msg":"Connecting to database..."}
{"level":30,"time":"2025-04-12T20:13:14.266Z","version":"1.0.0","hostname":"GROLLANDDESKTOP","msg":"Database connection established"}
{"level":30,"time":"2025-04-12T20:13:14.268Z","version":"1.0.0","hostname":"GROLLANDDESKTOP","msg":"Starting bot..."}
{"level":30,"time":"2025-04-12T20:13:14.311Z","version":"1.0.0","hostname":"GROLLANDDESKTOP","msg":"Bot started successfully"}
{"level":30,"time":"2025-04-12T20:13:44.241Z","version":"1.0.0","hostname":"GROLLANDDESKTOP","msg":"Connecting to database..."}
{"level":30,"time":"2025-04-12T20:13:44.290Z","version":"1.0.0","hostname":"GROLLANDDESKTOP","msg":"Database connection established"}
{"level":30,"time":"2025-04-12T20:13:44.292Z","version":"1.0.0","hostname":"GROLLANDDESKTOP","msg":"Starting bot..."}
{"level":30,"time":"2025-04-12T20:13:44.330Z","version":"1.0.0","hostname":"GROLLANDDESKTOP","msg":"Bot started successfully"}
{"level":30,"time":"2025-04-12T20:14:11.772Z","version":"1.0.0","hostname":"GROLLANDDESKTOP","msg":"Connecting to database..."}
{"level":30,"time":"2025-04-12T20:14:11.829Z","version":"1.0.0","hostname":"GROLLANDDESKTOP","msg":"Database connection established"}
{"level":30,"time":"2025-04-12T20:14:11.832Z","version":"1.0.0","hostname":"GROLLANDDESKTOP","msg":"Starting bot..."}
{"level":30,"time":"2025-04-12T20:14:11.877Z","version":"1.0.0","hostname":"GROLLANDDESKTOP","msg":"Bot started successfully"}
{"level":30,"time":"2025-04-12T20:14:20.739Z","version":"1.0.0","hostname":"GROLLANDDESKTOP","msg":"Connecting to database..."}
{"level":30,"time":"2025-04-12T20:14:20.783Z","version":"1.0.0","hostname":"GROLLANDDESKTOP","msg":"Database connection established"}
{"level":30,"time":"2025-04-12T20:14:20.785Z","version":"1.0.0","hostname":"GROLLANDDESKTOP","msg":"Starting bot..."}
{"level":30,"time":"2025-04-12T20:14:20.824Z","version":"1.0.0","hostname":"GROLLANDDESKTOP","msg":"Bot started successfully"}
{"level":30,"time":"2025-04-12T20:18:26.348Z","version":"1.0.0","hostname":"GROLLANDDESKTOP","msg":"Connecting to database..."}
{"level":30,"time":"2025-04-12T20:18:26.459Z","version":"1.0.0","hostname":"GROLLANDDESKTOP","msg":"Database connection established"}
{"level":30,"time":"2025-04-12T20:18:26.461Z","version":"1.0.0","hostname":"GROLLANDDESKTOP","msg":"Starting bot..."}
{"level":30,"time":"2025-04-12T20:18:26.524Z","version":"1.0.0","hostname":"GROLLANDDESKTOP","msg":"Bot started successfully"}
{"level":30,"time":"2025-04-12T20:18:30.011Z","version":"1.0.0","hostname":"GROLLANDDESKTOP","msg":"Connecting to database..."}
{"level":30,"time":"2025-04-12T20:18:30.061Z","version":"1.0.0","hostname":"GROLLANDDESKTOP","msg":"Database connection established"}
{"level":30,"time":"2025-04-12T20:18:30.063Z","version":"1.0.0","hostname":"GROLLANDDESKTOP","msg":"Starting bot..."}
{"level":30,"time":"2025-04-12T20:18:30.103Z","version":"1.0.0","hostname":"GROLLANDDESKTOP","msg":"Bot started successfully"}
{"level":30,"time":"2025-04-12T20:21:22.245Z","version":"1.0.0","hostname":"GROLLANDDESKTOP","msg":"Connecting to database..."}
{"level":30,"time":"2025-04-12T20:21:22.318Z","version":"1.0.0","hostname":"GROLLANDDESKTOP","msg":"Database connection established"}
{"level":30,"time":"2025-04-12T20:21:22.320Z","version":"1.0.0","hostname":"GROLLANDDESKTOP","msg":"Starting bot..."}
{"level":30,"time":"2025-04-12T20:21:22.372Z","version":"1.0.0","hostname":"GROLLANDDESKTOP","msg":"Bot started successfully"}
{"level":30,"time":"2025-04-12T20:27:35.994Z","version":"1.0.0","hostname":"GROLLANDDESKTOP","msg":"Connecting to database..."}
{"level":30,"time":"2025-04-12T20:27:36.041Z","version":"1.0.0","hostname":"GROLLANDDESKTOP","msg":"Database connection established"}
{"level":30,"time":"2025-04-12T20:27:36.043Z","version":"1.0.0","hostname":"GROLLANDDESKTOP","msg":"Starting bot..."}
{"level":30,"time":"2025-04-12T20:27:36.083Z","version":"1.0.0","hostname":"GROLLANDDESKTOP","msg":"Bot started successfully"}
{"level":30,"time":"2025-04-12T20:27:39.090Z","version":"1.0.0","hostname":"GROLLANDDESKTOP","msg":"Connecting to database..."}
{"level":30,"time":"2025-04-12T20:27:39.132Z","version":"1.0.0","hostname":"GROLLANDDESKTOP","msg":"Database connection established"}
{"level":30,"time":"2025-04-12T20:27:39.133Z","version":"1.0.0","hostname":"GROLLANDDESKTOP","msg":"Starting bot..."}
{"level":30,"time":"2025-04-12T20:27:39.172Z","version":"1.0.0","hostname":"GROLLANDDESKTOP","msg":"Bot started successfully"}
{"level":30,"time":"2025-04-12T20:27:50.960Z","version":"1.0.0","hostname":"GROLLANDDESKTOP","msg":"Connecting to database..."}
{"level":30,"time":"2025-04-12T20:27:51.003Z","version":"1.0.0","hostname":"GROLLANDDESKTOP","msg":"Database connection established"}
{"level":30,"time":"2025-04-12T20:27:51.005Z","version":"1.0.0","hostname":"GROLLANDDESKTOP","msg":"Starting bot..."}
{"level":30,"time":"2025-04-12T20:27:51.047Z","version":"1.0.0","hostname":"GROLLANDDESKTOP","msg":"Bot started successfully"}
{"level":30,"time":"2025-04-13T10:52:04.484Z","version":"1.0.0","hostname":"GROLLANDDESKTOP","msg":"Connecting to database..."}
{"level":30,"time":"2025-04-13T10:52:04.537Z","version":"1.0.0","hostname":"GROLLANDDESKTOP","msg":"Database connection established"}
{"level":30,"time":"2025-04-13T10:52:04.539Z","version":"1.0.0","hostname":"GROLLANDDESKTOP","msg":"Starting bot..."}
{"level":30,"time":"2025-04-13T10:52:04.580Z","version":"1.0.0","hostname":"GROLLANDDESKTOP","msg":"Bot started successfully"}
{"level":30,"time":"2025-04-13T10:52:07.188Z","version":"1.0.0","hostname":"GROLLANDDESKTOP","msg":"Connecting to database..."}
{"level":30,"time":"2025-04-13T10:52:07.234Z","version":"1.0.0","hostname":"GROLLANDDESKTOP","msg":"Database connection established"}
{"level":30,"time":"2025-04-13T10:52:07.236Z","version":"1.0.0","hostname":"GROLLANDDESKTOP","msg":"Starting bot..."}
{"level":30,"time":"2025-04-13T10:52:07.277Z","version":"1.0.0","hostname":"GROLLANDDESKTOP","msg":"Bot started successfully"}
{"level":30,"time":"2025-04-13T10:52:34.415Z","version":"1.0.0","hostname":"GROLLANDDESKTOP","msg":"Connecting to database..."}
{"level":30,"time":"2025-04-13T10:52:34.586Z","version":"1.0.0","hostname":"GROLLANDDESKTOP","msg":"Database connection established"}
{"level":30,"time":"2025-04-13T10:52:34.588Z","version":"1.0.0","hostname":"GROLLANDDESKTOP","msg":"Starting bot..."}
{"level":30,"time":"2025-04-13T10:52:34.638Z","version":"1.0.0","hostname":"GROLLANDDESKTOP","msg":"Bot started successfully"}
{"level":30,"time":"2025-04-13T10:52:35.213Z","version":"1.0.0","hostname":"GROLLANDDESKTOP","msg":"Connecting to database..."}
{"level":30,"time":"2025-04-13T10:52:35.581Z","version":"1.0.0","hostname":"GROLLANDDESKTOP","msg":"Database connection established"}
{"level":30,"time":"2025-04-13T10:52:35.583Z","version":"1.0.0","hostname":"GROLLANDDESKTOP","msg":"Starting bot..."}
{"level":30,"time":"2025-04-13T10:52:35.625Z","version":"1.0.0","hostname":"GROLLANDDESKTOP","msg":"Bot started successfully"}
{"level":30,"time":"2025-04-13T10:52:59.004Z","version":"1.0.0","hostname":"GROLLANDDESKTOP","msg":"Connecting to database..."}
{"level":30,"time":"2025-04-13T10:52:59.046Z","version":"1.0.0","hostname":"GROLLANDDESKTOP","msg":"Database connection established"}
{"level":30,"time":"2025-04-13T10:52:59.048Z","version":"1.0.0","hostname":"GROLLANDDESKTOP","msg":"Starting bot..."}
{"level":30,"time":"2025-04-13T10:52:59.088Z","version":"1.0.0","hostname":"GROLLANDDESKTOP","msg":"Bot started successfully"}
{"level":30,"time":"2025-04-13T10:53:44.890Z","version":"1.0.0","hostname":"GROLLANDDESKTOP","msg":"Connecting to database..."}
{"level":30,"time":"2025-04-13T10:53:44.972Z","version":"1.0.0","hostname":"GROLLANDDESKTOP","msg":"Database connection established"}
{"level":30,"time":"2025-04-13T10:53:44.974Z","version":"1.0.0","hostname":"GROLLANDDESKTOP","msg":"Starting bot..."}
{"level":30,"time":"2025-04-13T10:53:45.018Z","version":"1.0.0","hostname":"GROLLANDDESKTOP","msg":"Bot started successfully"}
{"level":30,"time":"2025-04-13T10:56:03.394Z","version":"1.0.0","hostname":"GROLLANDDESKTOP","msg":"Connecting to database..."}
{"level":30,"time":"2025-04-13T10:56:03.438Z","version":"1.0.0","hostname":"GROLLANDDESKTOP","msg":"Database connection established"}
{"level":30,"time":"2025-04-13T10:56:03.439Z","version":"1.0.0","hostname":"GROLLANDDESKTOP","msg":"Starting bot..."}
{"level":30,"time":"2025-04-13T10:56:03.482Z","version":"1.0.0","hostname":"GROLLANDDESKTOP","msg":"Bot started successfully"}
{"level":30,"time":"2025-04-13T10:57:04.053Z","version":"1.0.0","hostname":"GROLLANDDESKTOP","msg":"Connecting to database..."}
{"level":30,"time":"2025-04-13T10:57:04.104Z","version":"1.0.0","hostname":"GROLLANDDESKTOP","msg":"Database connection established"}
{"level":30,"time":"2025-04-13T10:57:04.106Z","version":"1.0.0","hostname":"GROLLANDDESKTOP","msg":"Starting bot..."}
{"level":30,"time":"2025-04-13T10:57:04.145Z","version":"1.0.0","hostname":"GROLLANDDESKTOP","msg":"Bot started successfully"}
{"level":30,"time":"2025-04-13T10:57:25.095Z","version":"1.0.0","hostname":"GROLLANDDESKTOP","msg":"Connecting to database..."}
{"level":30,"time":"2025-04-13T10:57:25.141Z","version":"1.0.0","hostname":"GROLLANDDESKTOP","msg":"Database connection established"}
{"level":30,"time":"2025-04-13T10:57:25.143Z","version":"1.0.0","hostname":"GROLLANDDESKTOP","msg":"Starting bot..."}
{"level":30,"time":"2025-04-13T10:57:25.186Z","version":"1.0.0","hostname":"GROLLANDDESKTOP","msg":"Bot started successfully"}
{"level":30,"time":"2025-04-13T10:58:13.241Z","version":"1.0.0","hostname":"GROLLANDDESKTOP","msg":"Connecting to database..."}
{"level":30,"time":"2025-04-13T10:58:13.287Z","version":"1.0.0","hostname":"GROLLANDDESKTOP","msg":"Database connection established"}
{"level":30,"time":"2025-04-13T10:58:13.289Z","version":"1.0.0","hostname":"GROLLANDDESKTOP","msg":"Starting bot..."}
{"level":30,"time":"2025-04-13T10:58:13.331Z","version":"1.0.0","hostname":"GROLLANDDESKTOP","msg":"Bot started successfully"}
{"level":30,"time":"2025-04-13T10:58:46.550Z","version":"1.0.0","hostname":"GROLLANDDESKTOP","msg":"Connecting to database..."}
{"level":30,"time":"2025-04-13T10:58:46.595Z","version":"1.0.0","hostname":"GROLLANDDESKTOP","msg":"Database connection established"}
{"level":30,"time":"2025-04-13T10:58:46.597Z","version":"1.0.0","hostname":"GROLLANDDESKTOP","msg":"Starting bot..."}
{"level":30,"time":"2025-04-13T10:58:46.637Z","version":"1.0.0","hostname":"GROLLANDDESKTOP","msg":"Bot started successfully"}
{"level":30,"time":"2025-04-13T10:59:07.453Z","version":"1.0.0","hostname":"GROLLANDDESKTOP","msg":"Connecting to database..."}
{"level":30,"time":"2025-04-13T10:59:07.502Z","version":"1.0.0","hostname":"GROLLANDDESKTOP","msg":"Database connection established"}
{"level":30,"time":"2025-04-13T10:59:07.504Z","version":"1.0.0","hostname":"GROLLANDDESKTOP","msg":"Starting bot..."}
{"level":30,"time":"2025-04-13T10:59:07.543Z","version":"1.0.0","hostname":"GROLLANDDESKTOP","msg":"Bot started successfully"}
{"level":30,"time":"2025-04-13T11:01:34.050Z","version":"1.0.0","hostname":"GROLLANDDESKTOP","msg":"Connecting to database..."}
{"level":30,"time":"2025-04-13T11:01:34.095Z","version":"1.0.0","hostname":"GROLLANDDESKTOP","msg":"Database connection established"}
{"level":30,"time":"2025-04-13T11:01:34.096Z","version":"1.0.0","hostname":"GROLLANDDESKTOP","msg":"Starting bot..."}
{"level":30,"time":"2025-04-13T11:01:34.138Z","version":"1.0.0","hostname":"GROLLANDDESKTOP","msg":"Bot started successfully"}
{"level":30,"time":"2025-04-13T11:03:03.875Z","version":"1.0.0","hostname":"GROLLANDDESKTOP","msg":"Connecting to database..."}
{"level":30,"time":"2025-04-13T11:03:03.989Z","version":"1.0.0","hostname":"GROLLANDDESKTOP","msg":"Database connection established"}
{"level":30,"time":"2025-04-13T11:03:03.992Z","version":"1.0.0","hostname":"GROLLANDDESKTOP","msg":"Starting bot..."}
{"level":30,"time":"2025-04-13T11:03:04.042Z","version":"1.0.0","hostname":"GROLLANDDESKTOP","msg":"Bot started successfully"}
{"level":30,"time":"2025-04-13T11:03:31.643Z","version":"1.0.0","hostname":"GROLLANDDESKTOP","msg":"Connecting to database..."}
{"level":30,"time":"2025-04-13T11:03:31.760Z","version":"1.0.0","hostname":"GROLLANDDESKTOP","msg":"Database connection established"}
{"level":30,"time":"2025-04-13T11:03:31.765Z","version":"1.0.0","hostname":"GROLLANDDESKTOP","msg":"Starting bot..."}
{"level":30,"time":"2025-04-13T11:03:31.827Z","version":"1.0.0","hostname":"GROLLANDDESKTOP","msg":"Bot started successfully"}
{"level":30,"time":"2025-04-13T11:05:01.220Z","version":"1.0.0","hostname":"GROLLANDDESKTOP","msg":"Connecting to database..."}
{"level":30,"time":"2025-04-13T11:05:01.266Z","version":"1.0.0","hostname":"GROLLANDDESKTOP","msg":"Database connection established"}
{"level":30,"time":"2025-04-13T11:05:01.267Z","version":"1.0.0","hostname":"GROLLANDDESKTOP","msg":"Starting bot..."}
{"level":30,"time":"2025-04-13T11:05:01.313Z","version":"1.0.0","hostname":"GROLLANDDESKTOP","msg":"Bot started successfully"}
{"level":30,"time":"2025-04-13T11:05:20.095Z","version":"1.0.0","hostname":"GROLLANDDESKTOP","msg":"Connecting to database..."}
{"level":30,"time":"2025-04-13T11:05:20.140Z","version":"1.0.0","hostname":"GROLLANDDESKTOP","msg":"Database connection established"}
{"level":30,"time":"2025-04-13T11:05:20.142Z","version":"1.0.0","hostname":"GROLLANDDESKTOP","msg":"Starting bot..."}
{"level":30,"time":"2025-04-13T11:05:20.182Z","version":"1.0.0","hostname":"GROLLANDDESKTOP","msg":"Bot started successfully"}
{"level":30,"time":"2025-04-13T11:09:57.489Z","version":"1.0.0","hostname":"GROLLANDDESKTOP","msg":"Connecting to database..."}
{"level":30,"time":"2025-04-13T11:09:57.532Z","version":"1.0.0","hostname":"GROLLANDDESKTOP","msg":"Database connection established"}
{"level":30,"time":"2025-04-13T11:09:57.534Z","version":"1.0.0","hostname":"GROLLANDDESKTOP","msg":"Starting bot..."}
{"level":30,"time":"2025-04-13T11:09:57.573Z","version":"1.0.0","hostname":"GROLLANDDESKTOP","msg":"Bot started successfully"}
{"level":30,"time":"2025-04-13T11:10:10.394Z","version":"1.0.0","hostname":"GROLLANDDESKTOP","msg":"Connecting to database..."}
{"level":30,"time":"2025-04-13T11:10:10.438Z","version":"1.0.0","hostname":"GROLLANDDESKTOP","msg":"Database connection established"}
{"level":30,"time":"2025-04-13T11:10:10.440Z","version":"1.0.0","hostname":"GROLLANDDESKTOP","msg":"Starting bot..."}
{"level":30,"time":"2025-04-13T11:10:10.481Z","version":"1.0.0","hostname":"GROLLANDDESKTOP","msg":"Bot started successfully"}
{"level":30,"time":"2025-04-13T11:10:25.983Z","version":"1.0.0","hostname":"GROLLANDDESKTOP","msg":"Connecting to database..."}
{"level":30,"time":"2025-04-13T11:10:26.027Z","version":"1.0.0","hostname":"GROLLANDDESKTOP","msg":"Database connection established"}
{"level":30,"time":"2025-04-13T11:10:26.029Z","version":"1.0.0","hostname":"GROLLANDDESKTOP","msg":"Starting bot..."}
{"level":30,"time":"2025-04-13T11:10:26.070Z","version":"1.0.0","hostname":"GROLLANDDESKTOP","msg":"Bot started successfully"}
{"level":30,"time":"2025-04-13T11:12:54.870Z","version":"1.0.0","hostname":"GROLLANDDESKTOP","msg":"Connecting to database..."}
{"level":30,"time":"2025-04-13T11:12:54.925Z","version":"1.0.0","hostname":"GROLLANDDESKTOP","msg":"Database connection established"}
{"level":30,"time":"2025-04-13T11:12:54.927Z","version":"1.0.0","hostname":"GROLLANDDESKTOP","msg":"Starting bot..."}
{"level":30,"time":"2025-04-13T11:12:54.976Z","version":"1.0.0","hostname":"GROLLANDDESKTOP","msg":"Bot started successfully"}
{"level":30,"time":"2025-04-13T11:13:13.211Z","version":"1.0.0","hostname":"GROLLANDDESKTOP","msg":"Connecting to database..."}
{"level":30,"time":"2025-04-13T11:13:13.257Z","version":"1.0.0","hostname":"GROLLANDDESKTOP","msg":"Database connection established"}
{"level":30,"time":"2025-04-13T11:13:13.259Z","version":"1.0.0","hostname":"GROLLANDDESKTOP","msg":"Starting bot..."}
{"level":30,"time":"2025-04-13T11:13:13.302Z","version":"1.0.0","hostname":"GROLLANDDESKTOP","msg":"Bot started successfully"}
{"level":30,"time":"2025-04-13T11:13:39.652Z","version":"1.0.0","hostname":"GROLLANDDESKTOP","msg":"Connecting to database..."}
{"level":30,"time":"2025-04-13T11:13:39.698Z","version":"1.0.0","hostname":"GROLLANDDESKTOP","msg":"Database connection established"}
{"level":30,"time":"2025-04-13T11:13:39.700Z","version":"1.0.0","hostname":"GROLLANDDESKTOP","msg":"Starting bot..."}
{"level":30,"time":"2025-04-13T11:13:39.740Z","version":"1.0.0","hostname":"GROLLANDDESKTOP","msg":"Bot started successfully"}
{"level":30,"time":"2025-04-13T11:14:17.802Z","version":"1.0.0","hostname":"GROLLANDDESKTOP","msg":"Connecting to database..."}
{"level":30,"time":"2025-04-13T11:14:17.846Z","version":"1.0.0","hostname":"GROLLANDDESKTOP","msg":"Database connection established"}
{"level":30,"time":"2025-04-13T11:14:17.848Z","version":"1.0.0","hostname":"GROLLANDDESKTOP","msg":"Starting bot..."}
{"level":30,"time":"2025-04-13T11:14:17.888Z","version":"1.0.0","hostname":"GROLLANDDESKTOP","msg":"Bot started successfully"}
{"level":30,"time":"2025-04-13T11:14:39.166Z","version":"1.0.0","hostname":"GROLLANDDESKTOP","msg":"Connecting to database..."}
{"level":30,"time":"2025-04-13T11:14:39.220Z","version":"1.0.0","hostname":"GROLLANDDESKTOP","msg":"Database connection established"}
{"level":30,"time":"2025-04-13T11:14:39.222Z","version":"1.0.0","hostname":"GROLLANDDESKTOP","msg":"Starting bot..."}
{"level":30,"time":"2025-04-13T11:14:39.273Z","version":"1.0.0","hostname":"GROLLANDDESKTOP","msg":"Bot started successfully"}
{"level":30,"time":"2025-04-13T11:14:53.176Z","version":"1.0.0","hostname":"GROLLANDDESKTOP","msg":"Connecting to database..."}
{"level":30,"time":"2025-04-13T11:14:53.229Z","version":"1.0.0","hostname":"GROLLANDDESKTOP","msg":"Database connection established"}
{"level":30,"time":"2025-04-13T11:14:53.231Z","version":"1.0.0","hostname":"GROLLANDDESKTOP","msg":"Starting bot..."}
{"level":30,"time":"2025-04-13T11:14:53.282Z","version":"1.0.0","hostname":"GROLLANDDESKTOP","msg":"Bot started successfully"}
{"level":30,"time":"2025-04-13T11:15:10.117Z","version":"1.0.0","hostname":"GROLLANDDESKTOP","msg":"Connecting to database..."}
{"level":30,"time":"2025-04-13T11:15:10.172Z","version":"1.0.0","hostname":"GROLLANDDESKTOP","msg":"Database connection established"}
{"level":30,"time":"2025-04-13T11:15:10.174Z","version":"1.0.0","hostname":"GROLLANDDESKTOP","msg":"Starting bot..."}
{"level":30,"time":"2025-04-13T11:15:10.217Z","version":"1.0.0","hostname":"GROLLANDDESKTOP","msg":"Bot started successfully"}
{"level":30,"time":"2025-04-13T11:16:44.790Z","version":"1.0.0","hostname":"GROLLANDDESKTOP","msg":"Connecting to database..."}
{"level":30,"time":"2025-04-13T11:16:44.836Z","version":"1.0.0","hostname":"GROLLANDDESKTOP","msg":"Database connection established"}
{"level":30,"time":"2025-04-13T11:16:44.838Z","version":"1.0.0","hostname":"GROLLANDDESKTOP","msg":"Starting bot..."}
{"level":30,"time":"2025-04-13T11:16:44.879Z","version":"1.0.0","hostname":"GROLLANDDESKTOP","msg":"Bot started successfully"}
{"level":30,"time":"2025-04-13T11:17:04.204Z","version":"1.0.0","hostname":"GROLLANDDESKTOP","msg":"Connecting to database..."}
{"level":30,"time":"2025-04-13T11:17:04.264Z","version":"1.0.0","hostname":"GROLLANDDESKTOP","msg":"Database connection established"}
{"level":30,"time":"2025-04-13T11:17:04.266Z","version":"1.0.0","hostname":"GROLLANDDESKTOP","msg":"Starting bot..."}
{"level":30,"time":"2025-04-13T11:17:04.314Z","version":"1.0.0","hostname":"GROLLANDDESKTOP","msg":"Bot started successfully"}
{"level":30,"time":"2025-04-13T11:17:20.444Z","version":"1.0.0","hostname":"GROLLANDDESKTOP","msg":"Connecting to database..."}
{"level":30,"time":"2025-04-13T11:17:20.495Z","version":"1.0.0","hostname":"GROLLANDDESKTOP","msg":"Database connection established"}
{"level":30,"time":"2025-04-13T11:17:20.497Z","version":"1.0.0","hostname":"GROLLANDDESKTOP","msg":"Starting bot..."}
{"level":30,"time":"2025-04-13T11:17:20.540Z","version":"1.0.0","hostname":"GROLLANDDESKTOP","msg":"Bot started successfully"}
{"level":30,"time":"2025-04-13T11:17:34.951Z","version":"1.0.0","hostname":"GROLLANDDESKTOP","msg":"Connecting to database..."}
{"level":30,"time":"2025-04-13T11:17:34.995Z","version":"1.0.0","hostname":"GROLLANDDESKTOP","msg":"Database connection established"}
{"level":30,"time":"2025-04-13T11:17:34.997Z","version":"1.0.0","hostname":"GROLLANDDESKTOP","msg":"Starting bot..."}
{"level":30,"time":"2025-04-13T11:17:35.041Z","version":"1.0.0","hostname":"GROLLANDDESKTOP","msg":"Bot started successfully"}
{"level":30,"time":"2025-04-13T11:18:18.304Z","version":"1.0.0","hostname":"GROLLANDDESKTOP","msg":"Connecting to database..."}
{"level":30,"time":"2025-04-13T11:18:18.355Z","version":"1.0.0","hostname":"GROLLANDDESKTOP","msg":"Database connection established"}
{"level":30,"time":"2025-04-13T11:18:18.356Z","version":"1.0.0","hostname":"GROLLANDDESKTOP","msg":"Starting bot..."}
{"level":30,"time":"2025-04-13T11:18:18.400Z","version":"1.0.0","hostname":"GROLLANDDESKTOP","msg":"Bot started successfully"}
{"level":30,"time":"2025-04-13T11:18:47.116Z","version":"1.0.0","hostname":"GROLLANDDESKTOP","msg":"Connecting to database..."}
{"level":30,"time":"2025-04-13T11:18:47.354Z","version":"1.0.0","hostname":"GROLLANDDESKTOP","msg":"Database connection established"}
{"level":30,"time":"2025-04-13T11:18:47.355Z","version":"1.0.0","hostname":"GROLLANDDESKTOP","msg":"Starting bot..."}
{"level":30,"time":"2025-04-13T11:18:47.395Z","version":"1.0.0","hostname":"GROLLANDDESKTOP","msg":"Bot started successfully"}
{"level":30,"time":"2025-04-13T11:19:09.440Z","version":"1.0.0","hostname":"GROLLANDDESKTOP","msg":"Connecting to database..."}
{"level":30,"time":"2025-04-13T11:19:09.492Z","version":"1.0.0","hostname":"GROLLANDDESKTOP","msg":"Database connection established"}
{"level":30,"time":"2025-04-13T11:19:09.494Z","version":"1.0.0","hostname":"GROLLANDDESKTOP","msg":"Starting bot..."}
{"level":30,"time":"2025-04-13T11:19:09.535Z","version":"1.0.0","hostname":"GROLLANDDESKTOP","msg":"Bot started successfully"}
{"level":30,"time":"2025-04-13T11:21:03.175Z","version":"1.0.0","hostname":"GROLLANDDESKTOP","msg":"Connecting to database..."}
{"level":30,"time":"2025-04-13T11:21:03.218Z","version":"1.0.0","hostname":"GROLLANDDESKTOP","msg":"Database connection established"}
{"level":30,"time":"2025-04-13T11:21:03.220Z","version":"1.0.0","hostname":"GROLLANDDESKTOP","msg":"Starting bot..."}
{"level":30,"time":"2025-04-13T11:21:03.261Z","version":"1.0.0","hostname":"GROLLANDDESKTOP","msg":"Bot started successfully"}
{"level":30,"time":"2025-04-13T11:21:18.600Z","version":"1.0.0","hostname":"GROLLANDDESKTOP","msg":"Connecting to database..."}
{"level":30,"time":"2025-04-13T11:21:18.643Z","version":"1.0.0","hostname":"GROLLANDDESKTOP","msg":"Database connection established"}
{"level":30,"time":"2025-04-13T11:21:18.645Z","version":"1.0.0","hostname":"GROLLANDDESKTOP","msg":"Starting bot..."}
{"level":30,"time":"2025-04-13T11:21:18.686Z","version":"1.0.0","hostname":"GROLLANDDESKTOP","msg":"Bot started successfully"}
{"level":30,"time":"2025-04-13T11:21:36.628Z","version":"1.0.0","hostname":"GROLLANDDESKTOP","msg":"Connecting to database..."}
{"level":30,"time":"2025-04-13T11:21:36.673Z","version":"1.0.0","hostname":"GROLLANDDESKTOP","msg":"Database connection established"}
{"level":30,"time":"2025-04-13T11:21:36.675Z","version":"1.0.0","hostname":"GROLLANDDESKTOP","msg":"Starting bot..."}
{"level":30,"time":"2025-04-13T11:21:36.719Z","version":"1.0.0","hostname":"GROLLANDDESKTOP","msg":"Bot started successfully"}
{"level":30,"time":"2025-04-13T11:22:01.433Z","version":"1.0.0","hostname":"GROLLANDDESKTOP","msg":"Connecting to database..."}
{"level":30,"time":"2025-04-13T11:22:01.482Z","version":"1.0.0","hostname":"GROLLANDDESKTOP","msg":"Database connection established"}
{"level":30,"time":"2025-04-13T11:22:01.484Z","version":"1.0.0","hostname":"GROLLANDDESKTOP","msg":"Starting bot..."}
{"level":30,"time":"2025-04-13T11:22:01.526Z","version":"1.0.0","hostname":"GROLLANDDESKTOP","msg":"Bot started successfully"}
{"level":30,"time":"2025-04-13T11:22:32.160Z","version":"1.0.0","hostname":"GROLLANDDESKTOP","msg":"Connecting to database..."}
{"level":30,"time":"2025-04-13T11:22:32.208Z","version":"1.0.0","hostname":"GROLLANDDESKTOP","msg":"Database connection established"}
{"level":30,"time":"2025-04-13T11:22:32.209Z","version":"1.0.0","hostname":"GROLLANDDESKTOP","msg":"Starting bot..."}
{"level":30,"time":"2025-04-13T11:22:32.250Z","version":"1.0.0","hostname":"GROLLANDDESKTOP","msg":"Bot started successfully"}
{"level":30,"time":"2025-04-13T11:22:46.579Z","version":"1.0.0","hostname":"GROLLANDDESKTOP","msg":"Connecting to database..."}
{"level":30,"time":"2025-04-13T11:22:46.624Z","version":"1.0.0","hostname":"GROLLANDDESKTOP","msg":"Database connection established"}
{"level":30,"time":"2025-04-13T11:22:46.626Z","version":"1.0.0","hostname":"GROLLANDDESKTOP","msg":"Starting bot..."}
{"level":30,"time":"2025-04-13T11:22:46.668Z","version":"1.0.0","hostname":"GROLLANDDESKTOP","msg":"Bot started successfully"}
{"level":30,"time":"2025-04-13T11:23:12.657Z","version":"1.0.0","hostname":"GROLLANDDESKTOP","msg":"Connecting to database..."}
{"level":30,"time":"2025-04-13T11:23:12.700Z","version":"1.0.0","hostname":"GROLLANDDESKTOP","msg":"Database connection established"}
{"level":30,"time":"2025-04-13T11:23:12.702Z","version":"1.0.0","hostname":"GROLLANDDESKTOP","msg":"Starting bot..."}
{"level":30,"time":"2025-04-13T11:23:12.741Z","version":"1.0.0","hostname":"GROLLANDDESKTOP","msg":"Bot started successfully"}
{"level":30,"time":"2025-04-13T11:23:35.666Z","version":"1.0.0","hostname":"GROLLANDDESKTOP","msg":"Connecting to database..."}
{"level":30,"time":"2025-04-13T11:23:35.711Z","version":"1.0.0","hostname":"GROLLANDDESKTOP","msg":"Database connection established"}
{"level":30,"time":"2025-04-13T11:23:35.713Z","version":"1.0.0","hostname":"GROLLANDDESKTOP","msg":"Starting bot..."}
{"level":30,"time":"2025-04-13T11:23:35.753Z","version":"1.0.0","hostname":"GROLLANDDESKTOP","msg":"Bot started successfully"}
{"level":30,"time":"2025-04-13T11:26:30.233Z","version":"1.0.0","hostname":"GROLLANDDESKTOP","msg":"Connecting to database..."}
{"level":30,"time":"2025-04-13T11:26:30.286Z","version":"1.0.0","hostname":"GROLLANDDESKTOP","msg":"Database connection established"}
{"level":30,"time":"2025-04-13T11:26:30.288Z","version":"1.0.0","hostname":"GROLLANDDESKTOP","msg":"Starting bot..."}
{"level":30,"time":"2025-04-13T11:26:30.331Z","version":"1.0.0","hostname":"GROLLANDDESKTOP","msg":"Bot started successfully"}
{"level":30,"time":"2025-04-13T11:26:48.180Z","version":"1.0.0","hostname":"GROLLANDDESKTOP","msg":"Connecting to database..."}
{"level":30,"time":"2025-04-13T11:26:48.225Z","version":"1.0.0","hostname":"GROLLANDDESKTOP","msg":"Database connection established"}
{"level":30,"time":"2025-04-13T11:26:48.227Z","version":"1.0.0","hostname":"GROLLANDDESKTOP","msg":"Starting bot..."}
{"level":30,"time":"2025-04-13T11:26:48.267Z","version":"1.0.0","hostname":"GROLLANDDESKTOP","msg":"Bot started successfully"}
{"level":30,"time":"2025-04-13T11:27:03.407Z","version":"1.0.0","hostname":"GROLLANDDESKTOP","msg":"Connecting to database..."}
{"level":30,"time":"2025-04-13T11:27:03.464Z","version":"1.0.0","hostname":"GROLLANDDESKTOP","msg":"Database connection established"}
{"level":30,"time":"2025-04-13T11:27:03.466Z","version":"1.0.0","hostname":"GROLLANDDESKTOP","msg":"Starting bot..."}
{"level":30,"time":"2025-04-13T11:27:03.517Z","version":"1.0.0","hostname":"GROLLANDDESKTOP","msg":"Bot started successfully"}
{"level":30,"time":"2025-04-13T11:27:26.181Z","version":"1.0.0","hostname":"GROLLANDDESKTOP","msg":"Connecting to database..."}
{"level":30,"time":"2025-04-13T11:27:26.248Z","version":"1.0.0","hostname":"GROLLANDDESKTOP","msg":"Database connection established"}
{"level":30,"time":"2025-04-13T11:27:26.249Z","version":"1.0.0","hostname":"GROLLANDDESKTOP","msg":"Starting bot..."}
{"level":30,"time":"2025-04-13T11:27:26.296Z","version":"1.0.0","hostname":"GROLLANDDESKTOP","msg":"Bot started successfully"}
{"level":30,"time":"2025-04-13T11:27:54.757Z","version":"1.0.0","hostname":"GROLLANDDESKTOP","msg":"Connecting to database..."}
{"level":30,"time":"2025-04-13T11:27:54.808Z","version":"1.0.0","hostname":"GROLLANDDESKTOP","msg":"Database connection established"}
{"level":30,"time":"2025-04-13T11:27:54.809Z","version":"1.0.0","hostname":"GROLLANDDESKTOP","msg":"Starting bot..."}
{"level":30,"time":"2025-04-13T11:27:54.861Z","version":"1.0.0","hostname":"GROLLANDDESKTOP","msg":"Bot started successfully"}
{"level":30,"time":"2025-04-13T11:28:20.916Z","version":"1.0.0","hostname":"GROLLANDDESKTOP","msg":"Connecting to database..."}
{"level":30,"time":"2025-04-13T11:28:20.984Z","version":"1.0.0","hostname":"GROLLANDDESKTOP","msg":"Database connection established"}
{"level":30,"time":"2025-04-13T11:28:20.985Z","version":"1.0.0","hostname":"GROLLANDDESKTOP","msg":"Starting bot..."}
{"level":30,"time":"2025-04-13T11:28:21.046Z","version":"1.0.0","hostname":"GROLLANDDESKTOP","msg":"Bot started successfully"}
{"level":30,"time":"2025-04-13T11:28:45.174Z","version":"1.0.0","hostname":"GROLLANDDESKTOP","msg":"Connecting to database..."}
{"level":30,"time":"2025-04-13T11:28:45.218Z","version":"1.0.0","hostname":"GROLLANDDESKTOP","msg":"Database connection established"}
{"level":30,"time":"2025-04-13T11:28:45.220Z","version":"1.0.0","hostname":"GROLLANDDESKTOP","msg":"Starting bot..."}
{"level":30,"time":"2025-04-13T11:28:45.260Z","version":"1.0.0","hostname":"GROLLANDDESKTOP","msg":"Bot started successfully"}
{"level":30,"time":"2025-04-13T11:30:53.658Z","version":"1.0.0","hostname":"GROLLANDDESKTOP","msg":"Connecting to database..."}
{"level":30,"time":"2025-04-13T11:30:53.715Z","version":"1.0.0","hostname":"GROLLANDDESKTOP","msg":"Database connection established"}
{"level":30,"time":"2025-04-13T11:30:53.717Z","version":"1.0.0","hostname":"GROLLANDDESKTOP","msg":"Starting bot..."}
{"level":30,"time":"2025-04-13T11:30:53.764Z","version":"1.0.0","hostname":"GROLLANDDESKTOP","msg":"Bot started successfully"}
{"level":30,"time":"2025-04-13T11:31:20.476Z","version":"1.0.0","hostname":"GROLLANDDESKTOP","msg":"Connecting to database..."}
{"level":30,"time":"2025-04-13T11:31:20.525Z","version":"1.0.0","hostname":"GROLLANDDESKTOP","msg":"Database connection established"}
{"level":30,"time":"2025-04-13T11:31:20.526Z","version":"1.0.0","hostname":"GROLLANDDESKTOP","msg":"Starting bot..."}
{"level":30,"time":"2025-04-13T11:31:20.568Z","version":"1.0.0","hostname":"GROLLANDDESKTOP","msg":"Bot started successfully"}
{"level":30,"time":"2025-04-13T11:31:37.552Z","version":"1.0.0","hostname":"GROLLANDDESKTOP","msg":"Connecting to database..."}
{"level":30,"time":"2025-04-13T11:31:37.613Z","version":"1.0.0","hostname":"GROLLANDDESKTOP","msg":"Database connection established"}
{"level":30,"time":"2025-04-13T11:31:37.615Z","version":"1.0.0","hostname":"GROLLANDDESKTOP","msg":"Starting bot..."}
{"level":30,"time":"2025-04-13T11:31:37.657Z","version":"1.0.0","hostname":"GROLLANDDESKTOP","msg":"Bot started successfully"}
{"level":30,"time":"2025-04-13T11:32:24.756Z","version":"1.0.0","hostname":"GROLLANDDESKTOP","msg":"Connecting to database..."}
{"level":30,"time":"2025-04-13T11:32:24.799Z","version":"1.0.0","hostname":"GROLLANDDESKTOP","msg":"Database connection established"}
{"level":30,"time":"2025-04-13T11:32:24.801Z","version":"1.0.0","hostname":"GROLLANDDESKTOP","msg":"Starting bot..."}
{"level":30,"time":"2025-04-13T11:32:24.844Z","version":"1.0.0","hostname":"GROLLANDDESKTOP","msg":"Bot started successfully"}
{"level":30,"time":"2025-04-13T11:32:24.963Z","version":"1.0.0","hostname":"GROLLANDDESKTOP","msg":"Connecting to database..."}
{"level":30,"time":"2025-04-13T11:32:25.013Z","version":"1.0.0","hostname":"GROLLANDDESKTOP","msg":"Database connection established"}
{"level":30,"time":"2025-04-13T11:32:25.015Z","version":"1.0.0","hostname":"GROLLANDDESKTOP","msg":"Starting bot..."}
{"level":30,"time":"2025-04-13T11:32:25.061Z","version":"1.0.0","hostname":"GROLLANDDESKTOP","msg":"Bot started successfully"}
{"level":30,"time":"2025-04-13T11:33:31.875Z","version":"1.0.0","hostname":"GROLLANDDESKTOP","msg":"Connecting to database..."}
{"level":30,"time":"2025-04-13T11:33:31.918Z","version":"1.0.0","hostname":"GROLLANDDESKTOP","msg":"Database connection established"}
{"level":30,"time":"2025-04-13T11:33:31.920Z","version":"1.0.0","hostname":"GROLLANDDESKTOP","msg":"Starting bot..."}
{"level":30,"time":"2025-04-13T11:33:31.965Z","version":"1.0.0","hostname":"GROLLANDDESKTOP","msg":"Bot started successfully"}
{"level":30,"time":"2025-04-13T11:33:51.650Z","version":"1.0.0","hostname":"GROLLANDDESKTOP","msg":"Connecting to database..."}
{"level":30,"time":"2025-04-13T11:33:51.698Z","version":"1.0.0","hostname":"GROLLANDDESKTOP","msg":"Database connection established"}
{"level":30,"time":"2025-04-13T11:33:51.700Z","version":"1.0.0","hostname":"GROLLANDDESKTOP","msg":"Starting bot..."}
{"level":30,"time":"2025-04-13T11:33:51.743Z","version":"1.0.0","hostname":"GROLLANDDESKTOP","msg":"Bot started successfully"}
