{"level":30,"time":"2025-04-12T17:51:40.157Z","version":"1.0.0","hostname":"GROLLANDDESKTOP","msg":"This is new candidate"}
{"level":30,"time":"2025-04-12T17:55:12.121Z","version":"1.0.0","hostname":"GROLLANDDESKTOP","msg":"Connecting to database..."}
{"level":30,"time":"2025-04-12T17:55:12.164Z","version":"1.0.0","hostname":"GROLLANDDESKTOP","msg":"Database connection established"}
{"level":30,"time":"2025-04-12T17:55:12.166Z","version":"1.0.0","hostname":"GROLLANDDESKTOP","msg":"Starting bot..."}
{"level":30,"time":"2025-04-12T17:55:12.209Z","version":"1.0.0","hostname":"GROLLANDDESKTOP","msg":"Bot started successfully"}
{"level":30,"time":"2025-04-12T17:59:08.403Z","version":"1.0.0","hostname":"GROLLANDDESKTOP","msg":"Connecting to database..."}
{"level":30,"time":"2025-04-12T17:59:08.446Z","version":"1.0.0","hostname":"GROLLANDDESKTOP","msg":"Database connection established"}
{"level":30,"time":"2025-04-12T17:59:08.448Z","version":"1.0.0","hostname":"GROLLANDDESKTOP","msg":"Starting bot..."}
{"level":30,"time":"2025-04-12T17:59:08.493Z","version":"1.0.0","hostname":"GROLLANDDESKTOP","msg":"Bot started successfully"}
{"level":30,"time":"2025-04-12T18:00:06.234Z","version":"1.0.0","hostname":"GROLLANDDESKTOP","msg":"Connecting to database..."}
{"level":30,"time":"2025-04-12T18:00:06.279Z","version":"1.0.0","hostname":"GROLLANDDESKTOP","msg":"Database connection established"}
{"level":30,"time":"2025-04-12T18:00:06.280Z","version":"1.0.0","hostname":"GROLLANDDESKTOP","msg":"Starting bot..."}
{"level":30,"time":"2025-04-12T18:00:06.320Z","version":"1.0.0","hostname":"GROLLANDDESKTOP","msg":"Bot started successfully"}
{"level":30,"time":"2025-04-12T18:00:19.738Z","version":"1.0.0","hostname":"GROLLANDDESKTOP","msg":"Connecting to database..."}
{"level":30,"time":"2025-04-12T18:00:19.794Z","version":"1.0.0","hostname":"GROLLANDDESKTOP","msg":"Database connection established"}
{"level":30,"time":"2025-04-12T18:00:19.796Z","version":"1.0.0","hostname":"GROLLANDDESKTOP","msg":"Starting bot..."}
{"level":30,"time":"2025-04-12T18:00:19.842Z","version":"1.0.0","hostname":"GROLLANDDESKTOP","msg":"Bot started successfully"}
{"level":30,"time":"2025-04-12T18:01:11.757Z","version":"1.0.0","hostname":"GROLLANDDESKTOP","msg":"Connecting to database..."}
{"level":30,"time":"2025-04-12T18:01:11.801Z","version":"1.0.0","hostname":"GROLLANDDESKTOP","msg":"Database connection established"}
{"level":30,"time":"2025-04-12T18:01:11.804Z","version":"1.0.0","hostname":"GROLLANDDESKTOP","msg":"Starting bot..."}
{"level":30,"time":"2025-04-12T18:01:11.848Z","version":"1.0.0","hostname":"GROLLANDDESKTOP","msg":"Bot started successfully"}
{"level":30,"time":"2025-04-12T18:01:21.906Z","version":"1.0.0","hostname":"GROLLANDDESKTOP","msg":"Connecting to database..."}
{"level":30,"time":"2025-04-12T18:01:21.957Z","version":"1.0.0","hostname":"GROLLANDDESKTOP","msg":"Database connection established"}
{"level":30,"time":"2025-04-12T18:01:21.959Z","version":"1.0.0","hostname":"GROLLANDDESKTOP","msg":"Starting bot..."}
{"level":30,"time":"2025-04-12T18:01:22.004Z","version":"1.0.0","hostname":"GROLLANDDESKTOP","msg":"Bot started successfully"}
{"level":30,"time":"2025-04-12T18:07:59.471Z","version":"1.0.0","hostname":"GROLLANDDESKTOP","msg":"Connecting to database..."}
{"level":30,"time":"2025-04-12T18:07:59.516Z","version":"1.0.0","hostname":"GROLLANDDESKTOP","msg":"Database connection established"}
{"level":30,"time":"2025-04-12T18:07:59.518Z","version":"1.0.0","hostname":"GROLLANDDESKTOP","msg":"Starting bot..."}
{"level":30,"time":"2025-04-12T18:07:59.558Z","version":"1.0.0","hostname":"GROLLANDDESKTOP","msg":"Bot started successfully"}
{"level":30,"time":"2025-04-12T18:07:59.933Z","version":"1.0.0","hostname":"GROLLANDDESKTOP","userId":"5134025713","step":"choose_language","msg":"Showing language selection menu"}
{"level":30,"time":"2025-04-12T18:08:01.115Z","version":"1.0.0","hostname":"GROLLANDDESKTOP","msg":"Connecting to database..."}
{"level":30,"time":"2025-04-12T18:08:01.157Z","version":"1.0.0","hostname":"GROLLANDDESKTOP","msg":"Database connection established"}
{"level":30,"time":"2025-04-12T18:08:01.159Z","version":"1.0.0","hostname":"GROLLANDDESKTOP","msg":"Starting bot..."}
{"level":30,"time":"2025-04-12T18:08:01.203Z","version":"1.0.0","hostname":"GROLLANDDESKTOP","msg":"Bot started successfully"}
{"level":30,"time":"2025-04-12T18:08:01.855Z","version":"1.0.0","hostname":"GROLLANDDESKTOP","userId":"5134025713","step":"choose_language","msg":"Showing language selection menu"}
{"level":30,"time":"2025-04-12T18:08:03.900Z","version":"1.0.0","hostname":"GROLLANDDESKTOP","userId":5134025713,"username":"sa1nt9","step":"choose_language","messageType":"text","msg":"Processing message event"}
{"level":30,"time":"2025-04-12T18:10:15.399Z","version":"1.0.0","hostname":"GROLLANDDESKTOP","msg":"Connecting to database..."}
{"level":30,"time":"2025-04-12T18:10:15.597Z","version":"1.0.0","hostname":"GROLLANDDESKTOP","msg":"Database connection established"}
{"level":30,"time":"2025-04-12T18:10:15.599Z","version":"1.0.0","hostname":"GROLLANDDESKTOP","msg":"Starting bot..."}
{"level":30,"time":"2025-04-12T18:10:15.644Z","version":"1.0.0","hostname":"GROLLANDDESKTOP","msg":"Bot started successfully"}
{"level":30,"time":"2025-04-12T18:18:07.912Z","version":"1.0.0","hostname":"GROLLANDDESKTOP","msg":"Connecting to database..."}
{"level":30,"time":"2025-04-12T18:18:07.992Z","version":"1.0.0","hostname":"GROLLANDDESKTOP","msg":"Database connection established"}
{"level":30,"time":"2025-04-12T18:18:07.994Z","version":"1.0.0","hostname":"GROLLANDDESKTOP","msg":"Starting bot..."}
{"level":30,"time":"2025-04-12T18:18:08.047Z","version":"1.0.0","hostname":"GROLLANDDESKTOP","msg":"Bot started successfully"}
{"level":30,"time":"2025-04-12T18:21:49.434Z","version":"1.0.0","hostname":"GROLLANDDESKTOP","msg":"Connecting to database..."}
{"level":30,"time":"2025-04-12T18:21:49.480Z","version":"1.0.0","hostname":"GROLLANDDESKTOP","msg":"Database connection established"}
{"level":30,"time":"2025-04-12T18:21:49.482Z","version":"1.0.0","hostname":"GROLLANDDESKTOP","msg":"Starting bot..."}
{"level":30,"time":"2025-04-12T18:21:49.523Z","version":"1.0.0","hostname":"GROLLANDDESKTOP","msg":"Bot started successfully"}
{"level":30,"time":"2025-04-12T18:22:00.672Z","version":"1.0.0","hostname":"GROLLANDDESKTOP","msg":"Connecting to database..."}
{"level":30,"time":"2025-04-12T18:22:00.718Z","version":"1.0.0","hostname":"GROLLANDDESKTOP","msg":"Database connection established"}
{"level":30,"time":"2025-04-12T18:22:00.720Z","version":"1.0.0","hostname":"GROLLANDDESKTOP","msg":"Starting bot..."}
{"level":30,"time":"2025-04-12T18:22:00.761Z","version":"1.0.0","hostname":"GROLLANDDESKTOP","msg":"Bot started successfully"}
{"level":30,"time":"2025-04-12T18:22:01.113Z","version":"1.0.0","hostname":"GROLLANDDESKTOP","userId":5134025713,"username":"sa1nt9","step":"profile","messageType":"text","msg":"Processing message event"}
{"level":30,"time":"2025-04-12T18:22:01.234Z","version":"1.0.0","hostname":"GROLLANDDESKTOP","id":"7303626049","name":"Кира","city":"Минск","longitude":27.56667,"latitude":53.9,"age":17,"ownCoordinates":false,"createdAt":"2025-04-12T16:23:05.313Z","referrerId":"","gender":"female","distance":0,"owncoordsort":0,"comein15days":0,"comeinall":0,"totalbonus":0,"msg":"This is new candidate"}
{"level":30,"time":"2025-04-12T18:22:03.009Z","version":"1.0.0","hostname":"GROLLANDDESKTOP","userId":5134025713,"username":"sa1nt9","step":"search_people","messageType":"text","msg":"Processing message event"}
{"level":30,"time":"2025-04-12T18:22:03.009Z","version":"1.0.0","hostname":"GROLLANDDESKTOP","id":"24c4cc5a-d4bb-45e6-b4ae-cad05ff7404e","userId":"7303626049","profileType":"RELATIONSHIP","interestedIn":"male","description":"Я тигр","files":[{"type":"photo","media":"AgACAgUAAxkBAAIr1Gf6k2jbB0EZ-VeV3-NZ0LVfwrLIAALIwDEbCg3YV1qEYgfX6Yc5AQADAgADeAADNgQ"}],"isActive":true,"createdAt":"2025-04-12T16:23:05.316Z","updatedAt":"2025-04-12T17:16:45.847Z","msg":"❤️"}
{"level":30,"time":"2025-04-12T18:22:03.145Z","version":"1.0.0","hostname":"GROLLANDDESKTOP","msg":"This is new candidate"}
{"level":30,"time":"2025-04-12T18:27:47.556Z","version":"1.0.0","hostname":"GROLLANDDESKTOP","msg":"Connecting to database..."}
{"level":30,"time":"2025-04-12T18:27:47.661Z","version":"1.0.0","hostname":"GROLLANDDESKTOP","msg":"Database connection established"}
{"level":30,"time":"2025-04-12T18:27:47.663Z","version":"1.0.0","hostname":"GROLLANDDESKTOP","msg":"Starting bot..."}
{"level":30,"time":"2025-04-12T18:27:47.706Z","version":"1.0.0","hostname":"GROLLANDDESKTOP","msg":"Bot started successfully"}
{"level":30,"time":"2025-04-12T18:28:25.766Z","version":"1.0.0","hostname":"GROLLANDDESKTOP","msg":"Connecting to database..."}
{"level":30,"time":"2025-04-12T18:28:25.808Z","version":"1.0.0","hostname":"GROLLANDDESKTOP","msg":"Database connection established"}
{"level":30,"time":"2025-04-12T18:28:25.810Z","version":"1.0.0","hostname":"GROLLANDDESKTOP","msg":"Starting bot..."}
{"level":30,"time":"2025-04-12T18:28:25.851Z","version":"1.0.0","hostname":"GROLLANDDESKTOP","msg":"Bot started successfully"}
{"level":30,"time":"2025-04-12T18:31:02.687Z","version":"1.0.0","hostname":"GROLLANDDESKTOP","msg":"Connecting to database..."}
{"level":30,"time":"2025-04-12T18:31:02.729Z","version":"1.0.0","hostname":"GROLLANDDESKTOP","msg":"Database connection established"}
{"level":30,"time":"2025-04-12T18:31:02.731Z","version":"1.0.0","hostname":"GROLLANDDESKTOP","msg":"Starting bot..."}
{"level":30,"time":"2025-04-12T18:31:02.770Z","version":"1.0.0","hostname":"GROLLANDDESKTOP","msg":"Bot started successfully"}
{"level":30,"time":"2025-04-12T18:44:33.563Z","version":"1.0.0","hostname":"GROLLANDDESKTOP","msg":"Connecting to database..."}
{"level":30,"time":"2025-04-12T18:44:33.606Z","version":"1.0.0","hostname":"GROLLANDDESKTOP","msg":"Database connection established"}
{"level":30,"time":"2025-04-12T18:44:33.608Z","version":"1.0.0","hostname":"GROLLANDDESKTOP","msg":"Starting bot..."}
{"level":30,"time":"2025-04-12T18:44:33.648Z","version":"1.0.0","hostname":"GROLLANDDESKTOP","msg":"Bot started successfully"}
{"level":30,"time":"2025-04-12T18:47:20.026Z","version":"1.0.0","hostname":"GROLLANDDESKTOP","msg":"Connecting to database..."}
{"level":30,"time":"2025-04-12T18:47:20.262Z","version":"1.0.0","hostname":"GROLLANDDESKTOP","msg":"Database connection established"}
{"level":30,"time":"2025-04-12T18:47:20.264Z","version":"1.0.0","hostname":"GROLLANDDESKTOP","msg":"Starting bot..."}
{"level":30,"time":"2025-04-12T18:47:20.312Z","version":"1.0.0","hostname":"GROLLANDDESKTOP","msg":"Bot started successfully"}
{"level":30,"time":"2025-04-12T18:53:18.599Z","version":"1.0.0","hostname":"GROLLANDDESKTOP","msg":"Connecting to database..."}
{"level":30,"time":"2025-04-12T18:53:18.644Z","version":"1.0.0","hostname":"GROLLANDDESKTOP","msg":"Database connection established"}
{"level":30,"time":"2025-04-12T18:53:18.645Z","version":"1.0.0","hostname":"GROLLANDDESKTOP","msg":"Starting bot..."}
{"level":30,"time":"2025-04-12T18:53:18.686Z","version":"1.0.0","hostname":"GROLLANDDESKTOP","msg":"Bot started successfully"}
{"level":30,"time":"2025-04-12T18:54:17.542Z","version":"1.0.0","hostname":"GROLLANDDESKTOP","msg":"Connecting to database..."}
{"level":30,"time":"2025-04-12T18:54:17.581Z","version":"1.0.0","hostname":"GROLLANDDESKTOP","msg":"Database connection established"}
{"level":30,"time":"2025-04-12T18:54:17.583Z","version":"1.0.0","hostname":"GROLLANDDESKTOP","msg":"Starting bot..."}
{"level":30,"time":"2025-04-12T18:54:17.623Z","version":"1.0.0","hostname":"GROLLANDDESKTOP","msg":"Bot started successfully"}
{"level":30,"time":"2025-04-12T18:59:59.261Z","version":"1.0.0","hostname":"GROLLANDDESKTOP","msg":"Connecting to database..."}
{"level":30,"time":"2025-04-12T18:59:59.304Z","version":"1.0.0","hostname":"GROLLANDDESKTOP","msg":"Database connection established"}
{"level":30,"time":"2025-04-12T18:59:59.306Z","version":"1.0.0","hostname":"GROLLANDDESKTOP","msg":"Starting bot..."}
{"level":30,"time":"2025-04-12T18:59:59.351Z","version":"1.0.0","hostname":"GROLLANDDESKTOP","msg":"Bot started successfully"}
{"level":30,"time":"2025-04-12T19:03:34.988Z","version":"1.0.0","hostname":"GROLLANDDESKTOP","msg":"Connecting to database..."}
{"level":30,"time":"2025-04-12T19:03:35.035Z","version":"1.0.0","hostname":"GROLLANDDESKTOP","msg":"Database connection established"}
{"level":30,"time":"2025-04-12T19:03:35.037Z","version":"1.0.0","hostname":"GROLLANDDESKTOP","msg":"Starting bot..."}
{"level":30,"time":"2025-04-12T19:03:35.077Z","version":"1.0.0","hostname":"GROLLANDDESKTOP","msg":"Bot started successfully"}
{"level":30,"time":"2025-04-12T19:03:44.029Z","version":"1.0.0","hostname":"GROLLANDDESKTOP","msg":"Connecting to database..."}
{"level":30,"time":"2025-04-12T19:03:44.075Z","version":"1.0.0","hostname":"GROLLANDDESKTOP","msg":"Database connection established"}
{"level":30,"time":"2025-04-12T19:03:44.077Z","version":"1.0.0","hostname":"GROLLANDDESKTOP","msg":"Starting bot..."}
{"level":30,"time":"2025-04-12T19:03:44.121Z","version":"1.0.0","hostname":"GROLLANDDESKTOP","msg":"Bot started successfully"}
{"level":30,"time":"2025-04-12T19:03:59.916Z","version":"1.0.0","hostname":"GROLLANDDESKTOP","msg":"Connecting to database..."}
{"level":30,"time":"2025-04-12T19:03:59.959Z","version":"1.0.0","hostname":"GROLLANDDESKTOP","msg":"Database connection established"}
{"level":30,"time":"2025-04-12T19:03:59.961Z","version":"1.0.0","hostname":"GROLLANDDESKTOP","msg":"Starting bot..."}
{"level":30,"time":"2025-04-12T19:04:00.000Z","version":"1.0.0","hostname":"GROLLANDDESKTOP","msg":"Bot started successfully"}
{"level":30,"time":"2025-04-12T19:04:57.112Z","version":"1.0.0","hostname":"GROLLANDDESKTOP","msg":"Connecting to database..."}
{"level":30,"time":"2025-04-12T19:04:57.163Z","version":"1.0.0","hostname":"GROLLANDDESKTOP","msg":"Database connection established"}
{"level":30,"time":"2025-04-12T19:04:57.165Z","version":"1.0.0","hostname":"GROLLANDDESKTOP","msg":"Starting bot..."}
{"level":30,"time":"2025-04-12T19:04:57.206Z","version":"1.0.0","hostname":"GROLLANDDESKTOP","msg":"Bot started successfully"}
{"level":30,"time":"2025-04-12T19:05:06.241Z","version":"1.0.0","hostname":"GROLLANDDESKTOP","msg":"Connecting to database..."}
{"level":30,"time":"2025-04-12T19:05:06.316Z","version":"1.0.0","hostname":"GROLLANDDESKTOP","msg":"Database connection established"}
{"level":30,"time":"2025-04-12T19:05:06.318Z","version":"1.0.0","hostname":"GROLLANDDESKTOP","msg":"Starting bot..."}
{"level":30,"time":"2025-04-12T19:05:06.364Z","version":"1.0.0","hostname":"GROLLANDDESKTOP","msg":"Bot started successfully"}
{"level":30,"time":"2025-04-12T19:05:26.521Z","version":"1.0.0","hostname":"GROLLANDDESKTOP","msg":"Connecting to database..."}
{"level":30,"time":"2025-04-12T19:05:26.565Z","version":"1.0.0","hostname":"GROLLANDDESKTOP","msg":"Database connection established"}
{"level":30,"time":"2025-04-12T19:05:26.567Z","version":"1.0.0","hostname":"GROLLANDDESKTOP","msg":"Starting bot..."}
{"level":30,"time":"2025-04-12T19:05:26.609Z","version":"1.0.0","hostname":"GROLLANDDESKTOP","msg":"Bot started successfully"}
{"level":30,"time":"2025-04-12T19:07:13.308Z","version":"1.0.0","hostname":"GROLLANDDESKTOP","msg":"Connecting to database..."}
{"level":30,"time":"2025-04-12T19:07:13.357Z","version":"1.0.0","hostname":"GROLLANDDESKTOP","msg":"Database connection established"}
{"level":30,"time":"2025-04-12T19:07:13.359Z","version":"1.0.0","hostname":"GROLLANDDESKTOP","msg":"Starting bot..."}
{"level":30,"time":"2025-04-12T19:07:13.406Z","version":"1.0.0","hostname":"GROLLANDDESKTOP","msg":"Bot started successfully"}
{"level":30,"time":"2025-04-12T19:07:22.923Z","version":"1.0.0","hostname":"GROLLANDDESKTOP","msg":"Connecting to database..."}
{"level":30,"time":"2025-04-12T19:07:22.981Z","version":"1.0.0","hostname":"GROLLANDDESKTOP","msg":"Database connection established"}
{"level":30,"time":"2025-04-12T19:07:22.983Z","version":"1.0.0","hostname":"GROLLANDDESKTOP","msg":"Starting bot..."}
{"level":30,"time":"2025-04-12T19:07:23.024Z","version":"1.0.0","hostname":"GROLLANDDESKTOP","msg":"Bot started successfully"}
{"level":30,"time":"2025-04-12T19:07:31.107Z","version":"1.0.0","hostname":"GROLLANDDESKTOP","msg":"Connecting to database..."}
{"level":30,"time":"2025-04-12T19:07:31.150Z","version":"1.0.0","hostname":"GROLLANDDESKTOP","msg":"Database connection established"}
{"level":30,"time":"2025-04-12T19:07:31.152Z","version":"1.0.0","hostname":"GROLLANDDESKTOP","msg":"Starting bot..."}
{"level":30,"time":"2025-04-12T19:07:31.192Z","version":"1.0.0","hostname":"GROLLANDDESKTOP","msg":"Bot started successfully"}
{"level":30,"time":"2025-04-12T19:09:06.500Z","version":"1.0.0","hostname":"GROLLANDDESKTOP","msg":"Connecting to database..."}
{"level":30,"time":"2025-04-12T19:09:06.591Z","version":"1.0.0","hostname":"GROLLANDDESKTOP","msg":"Database connection established"}
{"level":30,"time":"2025-04-12T19:09:06.593Z","version":"1.0.0","hostname":"GROLLANDDESKTOP","msg":"Starting bot..."}
{"level":30,"time":"2025-04-12T19:09:06.652Z","version":"1.0.0","hostname":"GROLLANDDESKTOP","msg":"Bot started successfully"}
{"level":30,"time":"2025-04-12T19:09:09.044Z","version":"1.0.0","hostname":"GROLLANDDESKTOP","msg":"Connecting to database..."}
{"level":30,"time":"2025-04-12T19:09:09.086Z","version":"1.0.0","hostname":"GROLLANDDESKTOP","msg":"Database connection established"}
{"level":30,"time":"2025-04-12T19:09:09.087Z","version":"1.0.0","hostname":"GROLLANDDESKTOP","msg":"Starting bot..."}
{"level":30,"time":"2025-04-12T19:09:09.129Z","version":"1.0.0","hostname":"GROLLANDDESKTOP","msg":"Bot started successfully"}
{"level":30,"time":"2025-04-12T19:09:17.529Z","version":"1.0.0","hostname":"GROLLANDDESKTOP","msg":"Connecting to database..."}
{"level":30,"time":"2025-04-12T19:09:17.581Z","version":"1.0.0","hostname":"GROLLANDDESKTOP","msg":"Database connection established"}
{"level":30,"time":"2025-04-12T19:09:17.583Z","version":"1.0.0","hostname":"GROLLANDDESKTOP","msg":"Starting bot..."}
{"level":30,"time":"2025-04-12T19:09:17.628Z","version":"1.0.0","hostname":"GROLLANDDESKTOP","msg":"Bot started successfully"}
{"level":30,"time":"2025-04-12T19:09:22.470Z","version":"1.0.0","hostname":"GROLLANDDESKTOP","msg":"Connecting to database..."}
{"level":30,"time":"2025-04-12T19:09:22.566Z","version":"1.0.0","hostname":"GROLLANDDESKTOP","msg":"Database connection established"}
{"level":30,"time":"2025-04-12T19:09:22.568Z","version":"1.0.0","hostname":"GROLLANDDESKTOP","msg":"Starting bot..."}
{"level":30,"time":"2025-04-12T19:09:22.617Z","version":"1.0.0","hostname":"GROLLANDDESKTOP","msg":"Bot started successfully"}
